--- physical information ---

 dt    = 0.001
 t_end = 1.2
 mu    = 0.0035
 rho   = 1050

--- simulation begins ---

Time : 0 [s], Step : 0/1200
Maximum CFL number : 0

Time : 0.001 [s], Step : 1/1200
Maximum CFL number : 2.05342

Time : 0.002 [s], Step : 2/1200
Maximum CFL number : 2.0175

Time : 0.003 [s], Step : 3/1200
Maximum CFL number : 1.961

Time : 0.004 [s], Step : 4/1200
Maximum CFL number : 1.96912

Time : 0.005 [s], Step : 5/1200
Maximum CFL number : 1.96926

Time : 0.006 [s], Step : 6/1200
Maximum CFL number : 1.96557

Time : 0.007 [s], Step : 7/1200
Maximum CFL number : 1.95864

Time : 0.008 [s], Step : 8/1200
Maximum CFL number : 1.94922

Time : 0.009 [s], Step : 9/1200
Maximum CFL number : 1.93828

Time : 0.01 [s], Step : 10/1200
Maximum CFL number : 1.94044

Time : 0.011 [s], Step : 11/1200
Maximum CFL number : 1.95603

Time : 0.012 [s], Step : 12/1200
Maximum CFL number : 1.9702

Time : 0.013 [s], Step : 13/1200
Maximum CFL number : 1.98328

Time : 0.014 [s], Step : 14/1200
Maximum CFL number : 1.99549

Time : 0.015 [s], Step : 15/1200
Maximum CFL number : 2.00701

Time : 0.016 [s], Step : 16/1200
Maximum CFL number : 2.01795

Time : 0.017 [s], Step : 17/1200
Maximum CFL number : 2.02845

Time : 0.018 [s], Step : 18/1200
Maximum CFL number : 2.03865

Time : 0.019 [s], Step : 19/1200
Maximum CFL number : 2.04868

Time : 0.02 [s], Step : 20/1200
Maximum CFL number : 2.0586

Time : 0.021 [s], Step : 21/1200
Maximum CFL number : 2.06836

Time : 0.022 [s], Step : 22/1200
Maximum CFL number : 2.0779

Time : 0.023 [s], Step : 23/1200
Maximum CFL number : 2.08724

Time : 0.024 [s], Step : 24/1200
Maximum CFL number : 2.09647

Time : 0.025 [s], Step : 25/1200
Maximum CFL number : 2.10569

Time : 0.026 [s], Step : 26/1200
Maximum CFL number : 2.11494

Time : 0.027 [s], Step : 27/1200
Maximum CFL number : 2.12422

Time : 0.028 [s], Step : 28/1200
Maximum CFL number : 2.13351

Time : 0.029 [s], Step : 29/1200
Maximum CFL number : 2.14278

Time : 0.03 [s], Step : 30/1200
Maximum CFL number : 2.15198

Time : 0.031 [s], Step : 31/1200
Maximum CFL number : 2.16106

Time : 0.032 [s], Step : 32/1200
Maximum CFL number : 2.16997

Time : 0.033 [s], Step : 33/1200
Maximum CFL number : 2.17867

Time : 0.034 [s], Step : 34/1200
Maximum CFL number : 2.18717

Time : 0.035 [s], Step : 35/1200
Maximum CFL number : 2.19551

Time : 0.036 [s], Step : 36/1200
Maximum CFL number : 2.20373

Time : 0.037 [s], Step : 37/1200
Maximum CFL number : 2.21184

Time : 0.038 [s], Step : 38/1200
Maximum CFL number : 2.21982

Time : 0.039 [s], Step : 39/1200
Maximum CFL number : 2.22765

Time : 0.04 [s], Step : 40/1200
Maximum CFL number : 2.23529

Time : 0.041 [s], Step : 41/1200
Maximum CFL number : 2.24271

Time : 0.042 [s], Step : 42/1200
Maximum CFL number : 2.24991

Time : 0.043 [s], Step : 43/1200
Maximum CFL number : 2.25687

Time : 0.044 [s], Step : 44/1200
Maximum CFL number : 2.2636

Time : 0.045 [s], Step : 45/1200
Maximum CFL number : 2.27011

Time : 0.046 [s], Step : 46/1200
Maximum CFL number : 2.2764

Time : 0.047 [s], Step : 47/1200
Maximum CFL number : 2.28245

Time : 0.048 [s], Step : 48/1200
Maximum CFL number : 2.28823

Time : 0.049 [s], Step : 49/1200
Maximum CFL number : 2.29374

Time : 0.05 [s], Step : 50/1200
Maximum CFL number : 2.29895

Time : 0.051 [s], Step : 51/1200
Maximum CFL number : 2.30388

Time : 0.052 [s], Step : 52/1200
Maximum CFL number : 2.30853

Time : 0.053 [s], Step : 53/1200
Maximum CFL number : 2.31291

Time : 0.054 [s], Step : 54/1200
Maximum CFL number : 2.31701

Time : 0.055 [s], Step : 55/1200
Maximum CFL number : 2.32082

Time : 0.056 [s], Step : 56/1200
Maximum CFL number : 2.32435

Time : 0.057 [s], Step : 57/1200
Maximum CFL number : 2.32758

Time : 0.058 [s], Step : 58/1200
Maximum CFL number : 2.33051

Time : 0.059 [s], Step : 59/1200
Maximum CFL number : 2.33313

Time : 0.06 [s], Step : 60/1200
Maximum CFL number : 2.33546

Time : 0.061 [s], Step : 61/1200
Maximum CFL number : 2.33747

Time : 0.062 [s], Step : 62/1200
Maximum CFL number : 2.33918

Time : 0.063 [s], Step : 63/1200
Maximum CFL number : 2.34057

Time : 0.064 [s], Step : 64/1200
Maximum CFL number : 2.34164

Time : 0.065 [s], Step : 65/1200
Maximum CFL number : 2.3424

Time : 0.066 [s], Step : 66/1200
Maximum CFL number : 2.34282

Time : 0.067 [s], Step : 67/1200
Maximum CFL number : 2.34292

Time : 0.068 [s], Step : 68/1200
Maximum CFL number : 2.3427

Time : 0.069 [s], Step : 69/1200
Maximum CFL number : 2.34214

Time : 0.07 [s], Step : 70/1200
Maximum CFL number : 2.34125

Time : 0.071 [s], Step : 71/1200
Maximum CFL number : 2.34003

Time : 0.072 [s], Step : 72/1200
Maximum CFL number : 2.33846

Time : 0.073 [s], Step : 73/1200
Maximum CFL number : 2.33655

Time : 0.074 [s], Step : 74/1200
Maximum CFL number : 2.33429

Time : 0.075 [s], Step : 75/1200
Maximum CFL number : 2.33168

Time : 0.076 [s], Step : 76/1200
Maximum CFL number : 2.3287

Time : 0.077 [s], Step : 77/1200
Maximum CFL number : 2.32537

Time : 0.078 [s], Step : 78/1200
Maximum CFL number : 2.32171

Time : 0.079 [s], Step : 79/1200
Maximum CFL number : 2.31774

Time : 0.08 [s], Step : 80/1200
Maximum CFL number : 2.31352

Time : 0.081 [s], Step : 81/1200
Maximum CFL number : 2.30907

Time : 0.082 [s], Step : 82/1200
Maximum CFL number : 2.30442

Time : 0.083 [s], Step : 83/1200
Maximum CFL number : 2.29957

Time : 0.084 [s], Step : 84/1200
Maximum CFL number : 2.29448

Time : 0.085 [s], Step : 85/1200
Maximum CFL number : 2.2891

Time : 0.086 [s], Step : 86/1200
Maximum CFL number : 2.2868

Time : 0.087 [s], Step : 87/1200
Maximum CFL number : 2.28486

Time : 0.088 [s], Step : 88/1200
Maximum CFL number : 2.28259

Time : 0.089 [s], Step : 89/1200
Maximum CFL number : 2.28

Time : 0.09 [s], Step : 90/1200
Maximum CFL number : 2.2771

Time : 0.091 [s], Step : 91/1200
Maximum CFL number : 2.27387

Time : 0.092 [s], Step : 92/1200
Maximum CFL number : 2.27032

Time : 0.093 [s], Step : 93/1200
Maximum CFL number : 2.26646

Time : 0.094 [s], Step : 94/1200
Maximum CFL number : 2.26228

Time : 0.095 [s], Step : 95/1200
Maximum CFL number : 2.25778

Time : 0.096 [s], Step : 96/1200
Maximum CFL number : 2.25297

Time : 0.097 [s], Step : 97/1200
Maximum CFL number : 2.24785

Time : 0.098 [s], Step : 98/1200
Maximum CFL number : 2.24241

Time : 0.099 [s], Step : 99/1200
Maximum CFL number : 2.23666

Time : 0.1 [s], Step : 100/1200
Maximum CFL number : 2.23061

Time : 0.101 [s], Step : 101/1200
Maximum CFL number : 2.22425

Time : 0.102 [s], Step : 102/1200
Maximum CFL number : 2.21759

Time : 0.103 [s], Step : 103/1200
Maximum CFL number : 2.21063

Time : 0.104 [s], Step : 104/1200
Maximum CFL number : 2.20336

Time : 0.105 [s], Step : 105/1200
Maximum CFL number : 2.19581

Time : 0.106 [s], Step : 106/1200
Maximum CFL number : 2.18795

Time : 0.107 [s], Step : 107/1200
Maximum CFL number : 2.17981

Time : 0.108 [s], Step : 108/1200
Maximum CFL number : 2.17138

Time : 0.109 [s], Step : 109/1200
Maximum CFL number : 2.16267

Time : 0.11 [s], Step : 110/1200
Maximum CFL number : 2.15368

Time : 0.111 [s], Step : 111/1200
Maximum CFL number : 2.14441

Time : 0.112 [s], Step : 112/1200
Maximum CFL number : 2.13487

Time : 0.113 [s], Step : 113/1200
Maximum CFL number : 2.12507

Time : 0.114 [s], Step : 114/1200
Maximum CFL number : 2.11631

Time : 0.115 [s], Step : 115/1200
Maximum CFL number : 2.10955

Time : 0.116 [s], Step : 116/1200
Maximum CFL number : 2.10257

Time : 0.117 [s], Step : 117/1200
Maximum CFL number : 2.09534

Time : 0.118 [s], Step : 118/1200
Maximum CFL number : 2.08789

Time : 0.119 [s], Step : 119/1200
Maximum CFL number : 2.08022

Time : 0.12 [s], Step : 120/1200
Maximum CFL number : 2.07232

Time : 0.121 [s], Step : 121/1200
Maximum CFL number : 2.0642

Time : 0.122 [s], Step : 122/1200
Maximum CFL number : 2.05588

Time : 0.123 [s], Step : 123/1200
Maximum CFL number : 2.04734

Time : 0.124 [s], Step : 124/1200
Maximum CFL number : 2.0386

Time : 0.125 [s], Step : 125/1200
Maximum CFL number : 2.02965

Time : 0.126 [s], Step : 126/1200
Maximum CFL number : 2.02051

Time : 0.127 [s], Step : 127/1200
Maximum CFL number : 2.01118

Time : 0.128 [s], Step : 128/1200
Maximum CFL number : 2.00167

Time : 0.129 [s], Step : 129/1200
Maximum CFL number : 1.99196

Time : 0.13 [s], Step : 130/1200
Maximum CFL number : 1.98208

Time : 0.131 [s], Step : 131/1200
Maximum CFL number : 1.97203

Time : 0.132 [s], Step : 132/1200
Maximum CFL number : 1.96181

Time : 0.133 [s], Step : 133/1200
Maximum CFL number : 1.95142

Time : 0.134 [s], Step : 134/1200
Maximum CFL number : 1.94087

Time : 0.135 [s], Step : 135/1200
Maximum CFL number : 1.93017

Time : 0.136 [s], Step : 136/1200
Maximum CFL number : 1.91932

Time : 0.137 [s], Step : 137/1200
Maximum CFL number : 1.90833

Time : 0.138 [s], Step : 138/1200
Maximum CFL number : 1.89719

Time : 0.139 [s], Step : 139/1200
Maximum CFL number : 1.88593

Time : 0.14 [s], Step : 140/1200
Maximum CFL number : 1.87453

Time : 0.141 [s], Step : 141/1200
Maximum CFL number : 1.86302

Time : 0.142 [s], Step : 142/1200
Maximum CFL number : 1.85139

Time : 0.143 [s], Step : 143/1200
Maximum CFL number : 1.83964

Time : 0.144 [s], Step : 144/1200
Maximum CFL number : 1.8278

Time : 0.145 [s], Step : 145/1200
Maximum CFL number : 1.81585

Time : 0.146 [s], Step : 146/1200
Maximum CFL number : 1.80382

Time : 0.147 [s], Step : 147/1200
Maximum CFL number : 1.7917

Time : 0.148 [s], Step : 148/1200
Maximum CFL number : 1.7795

Time : 0.149 [s], Step : 149/1200
Maximum CFL number : 1.76722

Time : 0.15 [s], Step : 150/1200
Maximum CFL number : 1.75488

Time : 0.151 [s], Step : 151/1200
Maximum CFL number : 1.74248

Time : 0.152 [s], Step : 152/1200
Maximum CFL number : 1.73002

Time : 0.153 [s], Step : 153/1200
Maximum CFL number : 1.71751

Time : 0.154 [s], Step : 154/1200
Maximum CFL number : 1.70496

Time : 0.155 [s], Step : 155/1200
Maximum CFL number : 1.69237

Time : 0.156 [s], Step : 156/1200
Maximum CFL number : 1.67975

Time : 0.157 [s], Step : 157/1200
Maximum CFL number : 1.66711

Time : 0.158 [s], Step : 158/1200
Maximum CFL number : 1.65445

Time : 0.159 [s], Step : 159/1200
Maximum CFL number : 1.64177

Time : 0.16 [s], Step : 160/1200
Maximum CFL number : 1.62909

Time : 0.161 [s], Step : 161/1200
Maximum CFL number : 1.61641

Time : 0.162 [s], Step : 162/1200
Maximum CFL number : 1.60374

Time : 0.163 [s], Step : 163/1200
Maximum CFL number : 1.59108

Time : 0.164 [s], Step : 164/1200
Maximum CFL number : 1.57843

Time : 0.165 [s], Step : 165/1200
Maximum CFL number : 1.56582

Time : 0.166 [s], Step : 166/1200
Maximum CFL number : 1.55323

Time : 0.167 [s], Step : 167/1200
Maximum CFL number : 1.54068

Time : 0.168 [s], Step : 168/1200
Maximum CFL number : 1.52817

Time : 0.169 [s], Step : 169/1200
Maximum CFL number : 1.51571

Time : 0.17 [s], Step : 170/1200
Maximum CFL number : 1.50331

Time : 0.171 [s], Step : 171/1200
Maximum CFL number : 1.49096

Time : 0.172 [s], Step : 172/1200
Maximum CFL number : 1.47868

Time : 0.173 [s], Step : 173/1200
Maximum CFL number : 1.46648

Time : 0.174 [s], Step : 174/1200
Maximum CFL number : 1.45435

Time : 0.175 [s], Step : 175/1200
Maximum CFL number : 1.4423

Time : 0.176 [s], Step : 176/1200
Maximum CFL number : 1.43035

Time : 0.177 [s], Step : 177/1200
Maximum CFL number : 1.41849

Time : 0.178 [s], Step : 178/1200
Maximum CFL number : 1.40673

Time : 0.179 [s], Step : 179/1200
Maximum CFL number : 1.39508

Time : 0.18 [s], Step : 180/1200
Maximum CFL number : 1.38354

Time : 0.181 [s], Step : 181/1200
Maximum CFL number : 1.37212

Time : 0.182 [s], Step : 182/1200
Maximum CFL number : 1.36082

Time : 0.183 [s], Step : 183/1200
Maximum CFL number : 1.34964

Time : 0.184 [s], Step : 184/1200
Maximum CFL number : 1.33861

Time : 0.185 [s], Step : 185/1200
Maximum CFL number : 1.32771

Time : 0.186 [s], Step : 186/1200
Maximum CFL number : 1.31695

Time : 0.187 [s], Step : 187/1200
Maximum CFL number : 1.30634

Time : 0.188 [s], Step : 188/1200
Maximum CFL number : 1.29589

Time : 0.189 [s], Step : 189/1200
Maximum CFL number : 1.2856

Time : 0.19 [s], Step : 190/1200
Maximum CFL number : 1.27547

Time : 0.191 [s], Step : 191/1200
Maximum CFL number : 1.26551

Time : 0.192 [s], Step : 192/1200
Maximum CFL number : 1.25572

Time : 0.193 [s], Step : 193/1200
Maximum CFL number : 1.24611

Time : 0.194 [s], Step : 194/1200
Maximum CFL number : 1.23669

Time : 0.195 [s], Step : 195/1200
Maximum CFL number : 1.22745

Time : 0.196 [s], Step : 196/1200
Maximum CFL number : 1.2184

Time : 0.197 [s], Step : 197/1200
Maximum CFL number : 1.20955

Time : 0.198 [s], Step : 198/1200
Maximum CFL number : 1.2009

Time : 0.199 [s], Step : 199/1200
Maximum CFL number : 1.19245

Time : 0.2 [s], Step : 200/1200
Maximum CFL number : 1.18422

Time : 0.201 [s], Step : 201/1200
Maximum CFL number : 1.17619

Time : 0.202 [s], Step : 202/1200
Maximum CFL number : 1.16838

Time : 0.203 [s], Step : 203/1200
Maximum CFL number : 1.16079

Time : 0.204 [s], Step : 204/1200
Maximum CFL number : 1.15343

Time : 0.205 [s], Step : 205/1200
Maximum CFL number : 1.14629

Time : 0.206 [s], Step : 206/1200
Maximum CFL number : 1.13939

Time : 0.207 [s], Step : 207/1200
Maximum CFL number : 1.13272

Time : 0.208 [s], Step : 208/1200
Maximum CFL number : 1.12628

Time : 0.209 [s], Step : 209/1200
Maximum CFL number : 1.12009

Time : 0.21 [s], Step : 210/1200
Maximum CFL number : 1.11414

Time : 0.211 [s], Step : 211/1200
Maximum CFL number : 1.10843

Time : 0.212 [s], Step : 212/1200
Maximum CFL number : 1.10298

Time : 0.213 [s], Step : 213/1200
Maximum CFL number : 1.09777

Time : 0.214 [s], Step : 214/1200
Maximum CFL number : 1.09283

Time : 0.215 [s], Step : 215/1200
Maximum CFL number : 1.08814

Time : 0.216 [s], Step : 216/1200
Maximum CFL number : 1.08371

Time : 0.217 [s], Step : 217/1200
Maximum CFL number : 1.07954

Time : 0.218 [s], Step : 218/1200
Maximum CFL number : 1.07563

Time : 0.219 [s], Step : 219/1200
Maximum CFL number : 1.07199

Time : 0.22 [s], Step : 220/1200
Maximum CFL number : 1.06862

Time : 0.221 [s], Step : 221/1200
Maximum CFL number : 1.06552

Time : 0.222 [s], Step : 222/1200
Maximum CFL number : 1.06268

Time : 0.223 [s], Step : 223/1200
Maximum CFL number : 1.06013

Time : 0.224 [s], Step : 224/1200
Maximum CFL number : 1.05784

Time : 0.225 [s], Step : 225/1200
Maximum CFL number : 1.05583

Time : 0.226 [s], Step : 226/1200
Maximum CFL number : 1.0541

Time : 0.227 [s], Step : 227/1200
Maximum CFL number : 1.05264

Time : 0.228 [s], Step : 228/1200
Maximum CFL number : 1.05146

Time : 0.229 [s], Step : 229/1200
Maximum CFL number : 1.05057

Time : 0.23 [s], Step : 230/1200
Maximum CFL number : 1.04995

Time : 0.231 [s], Step : 231/1200
Maximum CFL number : 1.04961

Time : 0.232 [s], Step : 232/1200
Maximum CFL number : 1.04955

Time : 0.233 [s], Step : 233/1200
Maximum CFL number : 1.04977

Time : 0.234 [s], Step : 234/1200
Maximum CFL number : 1.05028

Time : 0.235 [s], Step : 235/1200
Maximum CFL number : 1.05106

Time : 0.236 [s], Step : 236/1200
Maximum CFL number : 1.05213

Time : 0.237 [s], Step : 237/1200
Maximum CFL number : 1.05348

Time : 0.238 [s], Step : 238/1200
Maximum CFL number : 1.05511

Time : 0.239 [s], Step : 239/1200
Maximum CFL number : 1.05701

Time : 0.24 [s], Step : 240/1200
Maximum CFL number : 1.0592

Time : 0.241 [s], Step : 241/1200
Maximum CFL number : 1.06167

Time : 0.242 [s], Step : 242/1200
Maximum CFL number : 1.06441

Time : 0.243 [s], Step : 243/1200
Maximum CFL number : 1.06743

Time : 0.244 [s], Step : 244/1200
Maximum CFL number : 1.07072

Time : 0.245 [s], Step : 245/1200
Maximum CFL number : 1.0743

Time : 0.246 [s], Step : 246/1200
Maximum CFL number : 1.07814

Time : 0.247 [s], Step : 247/1200
Maximum CFL number : 1.08225

Time : 0.248 [s], Step : 248/1200
Maximum CFL number : 1.08664

Time : 0.249 [s], Step : 249/1200
Maximum CFL number : 1.09129

Time : 0.25 [s], Step : 250/1200
Maximum CFL number : 1.09621

Time : 0.251 [s], Step : 251/1200
Maximum CFL number : 1.1014

Time : 0.252 [s], Step : 252/1200
Maximum CFL number : 1.10685

Time : 0.253 [s], Step : 253/1200
Maximum CFL number : 1.11256

Time : 0.254 [s], Step : 254/1200
Maximum CFL number : 1.11852

Time : 0.255 [s], Step : 255/1200
Maximum CFL number : 1.12475

Time : 0.256 [s], Step : 256/1200
Maximum CFL number : 1.13122

Time : 0.257 [s], Step : 257/1200
Maximum CFL number : 1.13795

Time : 0.258 [s], Step : 258/1200
Maximum CFL number : 1.14493

Time : 0.259 [s], Step : 259/1200
Maximum CFL number : 1.15215

Time : 0.26 [s], Step : 260/1200
Maximum CFL number : 1.15961

Time : 0.261 [s], Step : 261/1200
Maximum CFL number : 1.16732

Time : 0.262 [s], Step : 262/1200
Maximum CFL number : 1.17526

Time : 0.263 [s], Step : 263/1200
Maximum CFL number : 1.18343

Time : 0.264 [s], Step : 264/1200
Maximum CFL number : 1.19184

Time : 0.265 [s], Step : 265/1200
Maximum CFL number : 1.20047

Time : 0.266 [s], Step : 266/1200
Maximum CFL number : 1.20932

Time : 0.267 [s], Step : 267/1200
Maximum CFL number : 1.21839

Time : 0.268 [s], Step : 268/1200
Maximum CFL number : 1.22768

Time : 0.269 [s], Step : 269/1200
Maximum CFL number : 1.23718

Time : 0.27 [s], Step : 270/1200
Maximum CFL number : 1.24689

Time : 0.271 [s], Step : 271/1200
Maximum CFL number : 1.2568

Time : 0.272 [s], Step : 272/1200
Maximum CFL number : 1.26692

Time : 0.273 [s], Step : 273/1200
Maximum CFL number : 1.27723

Time : 0.274 [s], Step : 274/1200
Maximum CFL number : 1.28773

Time : 0.275 [s], Step : 275/1200
Maximum CFL number : 1.29842

Time : 0.276 [s], Step : 276/1200
Maximum CFL number : 1.30929

Time : 0.277 [s], Step : 277/1200
Maximum CFL number : 1.32034

Time : 0.278 [s], Step : 278/1200
Maximum CFL number : 1.33157

Time : 0.279 [s], Step : 279/1200
Maximum CFL number : 1.34297

Time : 0.28 [s], Step : 280/1200
Maximum CFL number : 1.35453

Time : 0.281 [s], Step : 281/1200
Maximum CFL number : 1.36625

Time : 0.282 [s], Step : 282/1200
Maximum CFL number : 1.37813

Time : 0.283 [s], Step : 283/1200
Maximum CFL number : 1.39055

Time : 0.284 [s], Step : 284/1200
Maximum CFL number : 1.40363

Time : 0.285 [s], Step : 285/1200
Maximum CFL number : 1.4167

Time : 0.286 [s], Step : 286/1200
Maximum CFL number : 1.42975

Time : 0.287 [s], Step : 287/1200
Maximum CFL number : 1.44278

Time : 0.288 [s], Step : 288/1200
Maximum CFL number : 1.45578

Time : 0.289 [s], Step : 289/1200
Maximum CFL number : 1.46877

Time : 0.29 [s], Step : 290/1200
Maximum CFL number : 1.48174

Time : 0.291 [s], Step : 291/1200
Maximum CFL number : 1.4947

Time : 0.292 [s], Step : 292/1200
Maximum CFL number : 1.50763

Time : 0.293 [s], Step : 293/1200
Maximum CFL number : 1.52056

Time : 0.294 [s], Step : 294/1200
Maximum CFL number : 1.53347

Time : 0.295 [s], Step : 295/1200
Maximum CFL number : 1.54637

Time : 0.296 [s], Step : 296/1200
Maximum CFL number : 1.55926

Time : 0.297 [s], Step : 297/1200
Maximum CFL number : 1.57215

Time : 0.298 [s], Step : 298/1200
Maximum CFL number : 1.58511

Time : 0.299 [s], Step : 299/1200
Maximum CFL number : 1.59883

Time : 0.3 [s], Step : 300/1200
Maximum CFL number : 1.6126

Time : 0.301 [s], Step : 301/1200
Maximum CFL number : 1.62642

Time : 0.302 [s], Step : 302/1200
Maximum CFL number : 1.6403

Time : 0.303 [s], Step : 303/1200
Maximum CFL number : 1.65421

Time : 0.304 [s], Step : 304/1200
Maximum CFL number : 1.66816

Time : 0.305 [s], Step : 305/1200
Maximum CFL number : 1.68214

Time : 0.306 [s], Step : 306/1200
Maximum CFL number : 1.69615

Time : 0.307 [s], Step : 307/1200
Maximum CFL number : 1.71018

Time : 0.308 [s], Step : 308/1200
Maximum CFL number : 1.72423

Time : 0.309 [s], Step : 309/1200
Maximum CFL number : 1.7383

Time : 0.31 [s], Step : 310/1200
Maximum CFL number : 1.75239

Time : 0.311 [s], Step : 311/1200
Maximum CFL number : 1.76648

Time : 0.312 [s], Step : 312/1200
Maximum CFL number : 1.78058

Time : 0.313 [s], Step : 313/1200
Maximum CFL number : 1.79469

Time : 0.314 [s], Step : 314/1200
Maximum CFL number : 1.80879

Time : 0.315 [s], Step : 315/1200
Maximum CFL number : 1.82289

Time : 0.316 [s], Step : 316/1200
Maximum CFL number : 1.83699

Time : 0.317 [s], Step : 317/1200
Maximum CFL number : 1.85108

Time : 0.318 [s], Step : 318/1200
Maximum CFL number : 1.86515

Time : 0.319 [s], Step : 319/1200
Maximum CFL number : 1.87919

Time : 0.32 [s], Step : 320/1200
Maximum CFL number : 1.89321

Time : 0.321 [s], Step : 321/1200
Maximum CFL number : 1.90717

Time : 0.322 [s], Step : 322/1200
Maximum CFL number : 1.92109

Time : 0.323 [s], Step : 323/1200
Maximum CFL number : 1.93493

Time : 0.324 [s], Step : 324/1200
Maximum CFL number : 1.94868

Time : 0.325 [s], Step : 325/1200
Maximum CFL number : 1.96234

Time : 0.326 [s], Step : 326/1200
Maximum CFL number : 1.97586

Time : 0.327 [s], Step : 327/1200
Maximum CFL number : 1.98925

Time : 0.328 [s], Step : 328/1200
Maximum CFL number : 2.00247

Time : 0.329 [s], Step : 329/1200
Maximum CFL number : 2.01551

Time : 0.33 [s], Step : 330/1200
Maximum CFL number : 2.02834

Time : 0.331 [s], Step : 331/1200
Maximum CFL number : 2.04094

Time : 0.332 [s], Step : 332/1200
Maximum CFL number : 2.05331

Time : 0.333 [s], Step : 333/1200
Maximum CFL number : 2.06541

Time : 0.334 [s], Step : 334/1200
Maximum CFL number : 2.07724

Time : 0.335 [s], Step : 335/1200
Maximum CFL number : 2.08879

Time : 0.336 [s], Step : 336/1200
Maximum CFL number : 2.10006

Time : 0.337 [s], Step : 337/1200
Maximum CFL number : 2.11103

Time : 0.338 [s], Step : 338/1200
Maximum CFL number : 2.12172

Time : 0.339 [s], Step : 339/1200
Maximum CFL number : 2.13211

Time : 0.34 [s], Step : 340/1200
Maximum CFL number : 2.14223

Time : 0.341 [s], Step : 341/1200
Maximum CFL number : 2.15208

Time : 0.342 [s], Step : 342/1200
Maximum CFL number : 2.16168

Time : 0.343 [s], Step : 343/1200
Maximum CFL number : 2.17103

Time : 0.344 [s], Step : 344/1200
Maximum CFL number : 2.18014

Time : 0.345 [s], Step : 345/1200
Maximum CFL number : 2.18905

Time : 0.346 [s], Step : 346/1200
Maximum CFL number : 2.19774

Time : 0.347 [s], Step : 347/1200
Maximum CFL number : 2.20625

Time : 0.348 [s], Step : 348/1200
Maximum CFL number : 2.21458

Time : 0.349 [s], Step : 349/1200
Maximum CFL number : 2.22274

Time : 0.35 [s], Step : 350/1200
Maximum CFL number : 2.23073

Time : 0.351 [s], Step : 351/1200
Maximum CFL number : 2.23858

Time : 0.352 [s], Step : 352/1200
Maximum CFL number : 2.24627

Time : 0.353 [s], Step : 353/1200
Maximum CFL number : 2.25381

Time : 0.354 [s], Step : 354/1200
Maximum CFL number : 2.2612

Time : 0.355 [s], Step : 355/1200
Maximum CFL number : 2.26845

Time : 0.356 [s], Step : 356/1200
Maximum CFL number : 2.27553

Time : 0.357 [s], Step : 357/1200
Maximum CFL number : 2.28246

Time : 0.358 [s], Step : 358/1200
Maximum CFL number : 2.28922

Time : 0.359 [s], Step : 359/1200
Maximum CFL number : 2.29581

Time : 0.36 [s], Step : 360/1200
Maximum CFL number : 2.30222

Time : 0.361 [s], Step : 361/1200
Maximum CFL number : 2.30843

Time : 0.362 [s], Step : 362/1200
Maximum CFL number : 2.31445

Time : 0.363 [s], Step : 363/1200
Maximum CFL number : 2.32026

Time : 0.364 [s], Step : 364/1200
Maximum CFL number : 2.32585

Time : 0.365 [s], Step : 365/1200
Maximum CFL number : 2.33121

Time : 0.366 [s], Step : 366/1200
Maximum CFL number : 2.33634

Time : 0.367 [s], Step : 367/1200
Maximum CFL number : 2.34123

Time : 0.368 [s], Step : 368/1200
Maximum CFL number : 2.34588

Time : 0.369 [s], Step : 369/1200
Maximum CFL number : 2.35027

Time : 0.37 [s], Step : 370/1200
Maximum CFL number : 2.35441

Time : 0.371 [s], Step : 371/1200
Maximum CFL number : 2.35829

Time : 0.372 [s], Step : 372/1200
Maximum CFL number : 2.3619

Time : 0.373 [s], Step : 373/1200
Maximum CFL number : 2.36525

Time : 0.374 [s], Step : 374/1200
Maximum CFL number : 2.36834

Time : 0.375 [s], Step : 375/1200
Maximum CFL number : 2.37117

Time : 0.376 [s], Step : 376/1200
Maximum CFL number : 2.37375

Time : 0.377 [s], Step : 377/1200
Maximum CFL number : 2.37608

Time : 0.378 [s], Step : 378/1200
Maximum CFL number : 2.37816

Time : 0.379 [s], Step : 379/1200
Maximum CFL number : 2.38001

Time : 0.38 [s], Step : 380/1200
Maximum CFL number : 2.38164

Time : 0.381 [s], Step : 381/1200
Maximum CFL number : 2.38306

Time : 0.382 [s], Step : 382/1200
Maximum CFL number : 2.38429

Time : 0.383 [s], Step : 383/1200
Maximum CFL number : 2.38532

Time : 0.384 [s], Step : 384/1200
Maximum CFL number : 2.38619

Time : 0.385 [s], Step : 385/1200
Maximum CFL number : 2.38689

Time : 0.386 [s], Step : 386/1200
Maximum CFL number : 2.38744

Time : 0.387 [s], Step : 387/1200
Maximum CFL number : 2.38785

Time : 0.388 [s], Step : 388/1200
Maximum CFL number : 2.3881

Time : 0.389 [s], Step : 389/1200
Maximum CFL number : 2.38821

Time : 0.39 [s], Step : 390/1200
Maximum CFL number : 2.38817

Time : 0.391 [s], Step : 391/1200
Maximum CFL number : 2.38796

Time : 0.392 [s], Step : 392/1200
Maximum CFL number : 2.38758

Time : 0.393 [s], Step : 393/1200
Maximum CFL number : 2.38701

Time : 0.394 [s], Step : 394/1200
Maximum CFL number : 2.38622

Time : 0.395 [s], Step : 395/1200
Maximum CFL number : 2.3852

Time : 0.396 [s], Step : 396/1200
Maximum CFL number : 2.38391

Time : 0.397 [s], Step : 397/1200
Maximum CFL number : 2.38232

Time : 0.398 [s], Step : 398/1200
Maximum CFL number : 2.38042

Time : 0.399 [s], Step : 399/1200
Maximum CFL number : 2.37818

Time : 0.4 [s], Step : 400/1200
Maximum CFL number : 2.37557

Time : 0.401 [s], Step : 401/1200
Maximum CFL number : 2.37257

Time : 0.402 [s], Step : 402/1200
Maximum CFL number : 2.36916

Time : 0.403 [s], Step : 403/1200
Maximum CFL number : 2.36532

Time : 0.404 [s], Step : 404/1200
Maximum CFL number : 2.36106

Time : 0.405 [s], Step : 405/1200
Maximum CFL number : 2.35635

Time : 0.406 [s], Step : 406/1200
Maximum CFL number : 2.35121

Time : 0.407 [s], Step : 407/1200
Maximum CFL number : 2.34563

Time : 0.408 [s], Step : 408/1200
Maximum CFL number : 2.33962

Time : 0.409 [s], Step : 409/1200
Maximum CFL number : 2.33318

Time : 0.41 [s], Step : 410/1200
Maximum CFL number : 2.32633

Time : 0.411 [s], Step : 411/1200
Maximum CFL number : 2.31908

Time : 0.412 [s], Step : 412/1200
Maximum CFL number : 2.31144

Time : 0.413 [s], Step : 413/1200
Maximum CFL number : 2.30343

Time : 0.414 [s], Step : 414/1200
Maximum CFL number : 2.29507

Time : 0.415 [s], Step : 415/1200
Maximum CFL number : 2.28636

Time : 0.416 [s], Step : 416/1200
Maximum CFL number : 2.27733

Time : 0.417 [s], Step : 417/1200
Maximum CFL number : 2.26799

Time : 0.418 [s], Step : 418/1200
Maximum CFL number : 2.25835

Time : 0.419 [s], Step : 419/1200
Maximum CFL number : 2.24842

Time : 0.42 [s], Step : 420/1200
Maximum CFL number : 2.23823

Time : 0.421 [s], Step : 421/1200
Maximum CFL number : 2.22778

Time : 0.422 [s], Step : 422/1200
Maximum CFL number : 2.21708

Time : 0.423 [s], Step : 423/1200
Maximum CFL number : 2.20616

Time : 0.424 [s], Step : 424/1200
Maximum CFL number : 2.19501

Time : 0.425 [s], Step : 425/1200
Maximum CFL number : 2.18365

Time : 0.426 [s], Step : 426/1200
Maximum CFL number : 2.17209

Time : 0.427 [s], Step : 427/1200
Maximum CFL number : 2.16034

Time : 0.428 [s], Step : 428/1200
Maximum CFL number : 2.14841

Time : 0.429 [s], Step : 429/1200
Maximum CFL number : 2.1363

Time : 0.43 [s], Step : 430/1200
Maximum CFL number : 2.12404

Time : 0.431 [s], Step : 431/1200
Maximum CFL number : 2.11162

Time : 0.432 [s], Step : 432/1200
Maximum CFL number : 2.09905

Time : 0.433 [s], Step : 433/1200
Maximum CFL number : 2.08635

Time : 0.434 [s], Step : 434/1200
Maximum CFL number : 2.07352

Time : 0.435 [s], Step : 435/1200
Maximum CFL number : 2.06057

Time : 0.436 [s], Step : 436/1200
Maximum CFL number : 2.0475

Time : 0.437 [s], Step : 437/1200
Maximum CFL number : 2.03433

Time : 0.438 [s], Step : 438/1200
Maximum CFL number : 2.02106

Time : 0.439 [s], Step : 439/1200
Maximum CFL number : 2.00769

Time : 0.44 [s], Step : 440/1200
Maximum CFL number : 1.99424

Time : 0.441 [s], Step : 441/1200
Maximum CFL number : 1.9807

Time : 0.442 [s], Step : 442/1200
Maximum CFL number : 1.9671

Time : 0.443 [s], Step : 443/1200
Maximum CFL number : 1.95342

Time : 0.444 [s], Step : 444/1200
Maximum CFL number : 1.93969

Time : 0.445 [s], Step : 445/1200
Maximum CFL number : 1.9259

Time : 0.446 [s], Step : 446/1200
Maximum CFL number : 1.91206

Time : 0.447 [s], Step : 447/1200
Maximum CFL number : 1.89818

Time : 0.448 [s], Step : 448/1200
Maximum CFL number : 1.88426

Time : 0.449 [s], Step : 449/1200
Maximum CFL number : 1.8703

Time : 0.45 [s], Step : 450/1200
Maximum CFL number : 1.85632

Time : 0.451 [s], Step : 451/1200
Maximum CFL number : 1.84232

Time : 0.452 [s], Step : 452/1200
Maximum CFL number : 1.82831

Time : 0.453 [s], Step : 453/1200
Maximum CFL number : 1.81428

Time : 0.454 [s], Step : 454/1200
Maximum CFL number : 1.80024

Time : 0.455 [s], Step : 455/1200
Maximum CFL number : 1.78621

Time : 0.456 [s], Step : 456/1200
Maximum CFL number : 1.77218

Time : 0.457 [s], Step : 457/1200
Maximum CFL number : 1.75816

Time : 0.458 [s], Step : 458/1200
Maximum CFL number : 1.74416

Time : 0.459 [s], Step : 459/1200
Maximum CFL number : 1.73017

Time : 0.46 [s], Step : 460/1200
Maximum CFL number : 1.7162

Time : 0.461 [s], Step : 461/1200
Maximum CFL number : 1.70228

Time : 0.462 [s], Step : 462/1200
Maximum CFL number : 1.68838

Time : 0.463 [s], Step : 463/1200
Maximum CFL number : 1.67453

Time : 0.464 [s], Step : 464/1200
Maximum CFL number : 1.66072

Time : 0.465 [s], Step : 465/1200
Maximum CFL number : 1.64697

Time : 0.466 [s], Step : 466/1200
Maximum CFL number : 1.63326

Time : 0.467 [s], Step : 467/1200
Maximum CFL number : 1.61962

Time : 0.468 [s], Step : 468/1200
Maximum CFL number : 1.60605

Time : 0.469 [s], Step : 469/1200
Maximum CFL number : 1.59255

Time : 0.47 [s], Step : 470/1200
Maximum CFL number : 1.57912

Time : 0.471 [s], Step : 471/1200
Maximum CFL number : 1.56578

Time : 0.472 [s], Step : 472/1200
Maximum CFL number : 1.55252

Time : 0.473 [s], Step : 473/1200
Maximum CFL number : 1.53935

Time : 0.474 [s], Step : 474/1200
Maximum CFL number : 1.52628

Time : 0.475 [s], Step : 475/1200
Maximum CFL number : 1.51331

Time : 0.476 [s], Step : 476/1200
Maximum CFL number : 1.50045

Time : 0.477 [s], Step : 477/1200
Maximum CFL number : 1.4877

Time : 0.478 [s], Step : 478/1200
Maximum CFL number : 1.47507

Time : 0.479 [s], Step : 479/1200
Maximum CFL number : 1.46256

Time : 0.48 [s], Step : 480/1200
Maximum CFL number : 1.45017

Time : 0.481 [s], Step : 481/1200
Maximum CFL number : 1.43792

Time : 0.482 [s], Step : 482/1200
Maximum CFL number : 1.4258

Time : 0.483 [s], Step : 483/1200
Maximum CFL number : 1.41383

Time : 0.484 [s], Step : 484/1200
Maximum CFL number : 1.402

Time : 0.485 [s], Step : 485/1200
Maximum CFL number : 1.39033

Time : 0.486 [s], Step : 486/1200
Maximum CFL number : 1.37881

Time : 0.487 [s], Step : 487/1200
Maximum CFL number : 1.36745

Time : 0.488 [s], Step : 488/1200
Maximum CFL number : 1.35626

Time : 0.489 [s], Step : 489/1200
Maximum CFL number : 1.34524

Time : 0.49 [s], Step : 490/1200
Maximum CFL number : 1.33439

Time : 0.491 [s], Step : 491/1200
Maximum CFL number : 1.32372

Time : 0.492 [s], Step : 492/1200
Maximum CFL number : 1.31324

Time : 0.493 [s], Step : 493/1200
Maximum CFL number : 1.30294

Time : 0.494 [s], Step : 494/1200
Maximum CFL number : 1.29284

Time : 0.495 [s], Step : 495/1200
Maximum CFL number : 1.28293

Time : 0.496 [s], Step : 496/1200
Maximum CFL number : 1.27323

Time : 0.497 [s], Step : 497/1200
Maximum CFL number : 1.26372

Time : 0.498 [s], Step : 498/1200
Maximum CFL number : 1.25443

Time : 0.499 [s], Step : 499/1200
Maximum CFL number : 1.24536

Time : 0.5 [s], Step : 500/1200
Maximum CFL number : 1.23649

Time : 0.501 [s], Step : 501/1200
Maximum CFL number : 1.22785

Time : 0.502 [s], Step : 502/1200
Maximum CFL number : 1.21944

Time : 0.503 [s], Step : 503/1200
Maximum CFL number : 1.21125

Time : 0.504 [s], Step : 504/1200
Maximum CFL number : 1.20329

Time : 0.505 [s], Step : 505/1200
Maximum CFL number : 1.19557

Time : 0.506 [s], Step : 506/1200
Maximum CFL number : 1.18809

Time : 0.507 [s], Step : 507/1200
Maximum CFL number : 1.18084

Time : 0.508 [s], Step : 508/1200
Maximum CFL number : 1.17384

Time : 0.509 [s], Step : 509/1200
Maximum CFL number : 1.16709

Time : 0.51 [s], Step : 510/1200
Maximum CFL number : 1.16059

Time : 0.511 [s], Step : 511/1200
Maximum CFL number : 1.15435

Time : 0.512 [s], Step : 512/1200
Maximum CFL number : 1.14836

Time : 0.513 [s], Step : 513/1200
Maximum CFL number : 1.14262

Time : 0.514 [s], Step : 514/1200
Maximum CFL number : 1.13715

Time : 0.515 [s], Step : 515/1200
Maximum CFL number : 1.13194

Time : 0.516 [s], Step : 516/1200
Maximum CFL number : 1.127

Time : 0.517 [s], Step : 517/1200
Maximum CFL number : 1.12233

Time : 0.518 [s], Step : 518/1200
Maximum CFL number : 1.11792

Time : 0.519 [s], Step : 519/1200
Maximum CFL number : 1.11379

Time : 0.52 [s], Step : 520/1200
Maximum CFL number : 1.10993

Time : 0.521 [s], Step : 521/1200
Maximum CFL number : 1.10634

Time : 0.522 [s], Step : 522/1200
Maximum CFL number : 1.10304

Time : 0.523 [s], Step : 523/1200
Maximum CFL number : 1.10001

Time : 0.524 [s], Step : 524/1200
Maximum CFL number : 1.09725

Time : 0.525 [s], Step : 525/1200
Maximum CFL number : 1.09478

Time : 0.526 [s], Step : 526/1200
Maximum CFL number : 1.0926

Time : 0.527 [s], Step : 527/1200
Maximum CFL number : 1.09069

Time : 0.528 [s], Step : 528/1200
Maximum CFL number : 1.08907

Time : 0.529 [s], Step : 529/1200
Maximum CFL number : 1.08773

Time : 0.53 [s], Step : 530/1200
Maximum CFL number : 1.08667

Time : 0.531 [s], Step : 531/1200
Maximum CFL number : 1.08591

Time : 0.532 [s], Step : 532/1200
Maximum CFL number : 1.08542

Time : 0.533 [s], Step : 533/1200
Maximum CFL number : 1.08523

Time : 0.534 [s], Step : 534/1200
Maximum CFL number : 1.08531

Time : 0.535 [s], Step : 535/1200
Maximum CFL number : 1.08569

Time : 0.536 [s], Step : 536/1200
Maximum CFL number : 1.08635

Time : 0.537 [s], Step : 537/1200
Maximum CFL number : 1.08729

Time : 0.538 [s], Step : 538/1200
Maximum CFL number : 1.08852

Time : 0.539 [s], Step : 539/1200
Maximum CFL number : 1.09003

Time : 0.54 [s], Step : 540/1200
Maximum CFL number : 1.09183

Time : 0.541 [s], Step : 541/1200
Maximum CFL number : 1.09391

Time : 0.542 [s], Step : 542/1200
Maximum CFL number : 1.09628

Time : 0.543 [s], Step : 543/1200
Maximum CFL number : 1.09892

Time : 0.544 [s], Step : 544/1200
Maximum CFL number : 1.10184

Time : 0.545 [s], Step : 545/1200
Maximum CFL number : 1.10504

Time : 0.546 [s], Step : 546/1200
Maximum CFL number : 1.10852

Time : 0.547 [s], Step : 547/1200
Maximum CFL number : 1.11228

Time : 0.548 [s], Step : 548/1200
Maximum CFL number : 1.11631

Time : 0.549 [s], Step : 549/1200
Maximum CFL number : 1.12061

Time : 0.55 [s], Step : 550/1200
Maximum CFL number : 1.12518

Time : 0.551 [s], Step : 551/1200
Maximum CFL number : 1.13002

Time : 0.552 [s], Step : 552/1200
Maximum CFL number : 1.13513

Time : 0.553 [s], Step : 553/1200
Maximum CFL number : 1.1405

Time : 0.554 [s], Step : 554/1200
Maximum CFL number : 1.14613

Time : 0.555 [s], Step : 555/1200
Maximum CFL number : 1.15203

Time : 0.556 [s], Step : 556/1200
Maximum CFL number : 1.15818

Time : 0.557 [s], Step : 557/1200
Maximum CFL number : 1.16458

Time : 0.558 [s], Step : 558/1200
Maximum CFL number : 1.17125

Time : 0.559 [s], Step : 559/1200
Maximum CFL number : 1.17815

Time : 0.56 [s], Step : 560/1200
Maximum CFL number : 1.1853

Time : 0.561 [s], Step : 561/1200
Maximum CFL number : 1.1927

Time : 0.562 [s], Step : 562/1200
Maximum CFL number : 1.20034

Time : 0.563 [s], Step : 563/1200
Maximum CFL number : 1.20821

Time : 0.564 [s], Step : 564/1200
Maximum CFL number : 1.21632

Time : 0.565 [s], Step : 565/1200
Maximum CFL number : 1.22465

Time : 0.566 [s], Step : 566/1200
Maximum CFL number : 1.23322

Time : 0.567 [s], Step : 567/1200
Maximum CFL number : 1.24201

Time : 0.568 [s], Step : 568/1200
Maximum CFL number : 1.25101

Time : 0.569 [s], Step : 569/1200
Maximum CFL number : 1.26024

Time : 0.57 [s], Step : 570/1200
Maximum CFL number : 1.26967

Time : 0.571 [s], Step : 571/1200
Maximum CFL number : 1.27931

Time : 0.572 [s], Step : 572/1200
Maximum CFL number : 1.28916

Time : 0.573 [s], Step : 573/1200
Maximum CFL number : 1.29921

Time : 0.574 [s], Step : 574/1200
Maximum CFL number : 1.30945

Time : 0.575 [s], Step : 575/1200
Maximum CFL number : 1.31988

Time : 0.576 [s], Step : 576/1200
Maximum CFL number : 1.3305

Time : 0.577 [s], Step : 577/1200
Maximum CFL number : 1.34131

Time : 0.578 [s], Step : 578/1200
Maximum CFL number : 1.35229

Time : 0.579 [s], Step : 579/1200
Maximum CFL number : 1.36344

Time : 0.58 [s], Step : 580/1200
Maximum CFL number : 1.37476

Time : 0.581 [s], Step : 581/1200
Maximum CFL number : 1.38625

Time : 0.582 [s], Step : 582/1200
Maximum CFL number : 1.39789

Time : 0.583 [s], Step : 583/1200
Maximum CFL number : 1.40969

Time : 0.584 [s], Step : 584/1200
Maximum CFL number : 1.42164

Time : 0.585 [s], Step : 585/1200
Maximum CFL number : 1.43373

Time : 0.586 [s], Step : 586/1200
Maximum CFL number : 1.44595

Time : 0.587 [s], Step : 587/1200
Maximum CFL number : 1.45831

Time : 0.588 [s], Step : 588/1200
Maximum CFL number : 1.47079

Time : 0.589 [s], Step : 589/1200
Maximum CFL number : 1.4834

Time : 0.59 [s], Step : 590/1200
Maximum CFL number : 1.49612

Time : 0.591 [s], Step : 591/1200
Maximum CFL number : 1.50894

Time : 0.592 [s], Step : 592/1200
Maximum CFL number : 1.52187

Time : 0.593 [s], Step : 593/1200
Maximum CFL number : 1.5349

Time : 0.594 [s], Step : 594/1200
Maximum CFL number : 1.54801

Time : 0.595 [s], Step : 595/1200
Maximum CFL number : 1.56121

Time : 0.596 [s], Step : 596/1200
Maximum CFL number : 1.57449

Time : 0.597 [s], Step : 597/1200
Maximum CFL number : 1.58783

Time : 0.598 [s], Step : 598/1200
Maximum CFL number : 1.60124

Time : 0.599 [s], Step : 599/1200
Maximum CFL number : 1.61471

Time : 0.6 [s], Step : 600/1200
Maximum CFL number : 1.62823

Time : 0.601 [s], Step : 601/1200
Maximum CFL number : 1.6418

Time : 0.602 [s], Step : 602/1200
Maximum CFL number : 1.65541

Time : 0.603 [s], Step : 603/1200
Maximum CFL number : 1.66905

Time : 0.604 [s], Step : 604/1200
Maximum CFL number : 1.68273

Time : 0.605 [s], Step : 605/1200
Maximum CFL number : 1.69644

Time : 0.606 [s], Step : 606/1200
Maximum CFL number : 1.71018

Time : 0.607 [s], Step : 607/1200
Maximum CFL number : 1.72394

Time : 0.608 [s], Step : 608/1200
Maximum CFL number : 1.73772

Time : 0.609 [s], Step : 609/1200
Maximum CFL number : 1.75153

Time : 0.61 [s], Step : 610/1200
Maximum CFL number : 1.76542

Time : 0.611 [s], Step : 611/1200
Maximum CFL number : 1.7793

Time : 0.612 [s], Step : 612/1200
Maximum CFL number : 1.79318

Time : 0.613 [s], Step : 613/1200
Maximum CFL number : 1.80706

Time : 0.614 [s], Step : 614/1200
Maximum CFL number : 1.82092

Time : 0.615 [s], Step : 615/1200
Maximum CFL number : 1.83478

Time : 0.616 [s], Step : 616/1200
Maximum CFL number : 1.84862

Time : 0.617 [s], Step : 617/1200
Maximum CFL number : 1.86255

Time : 0.618 [s], Step : 618/1200
Maximum CFL number : 1.87649

Time : 0.619 [s], Step : 619/1200
Maximum CFL number : 1.89042

Time : 0.62 [s], Step : 620/1200
Maximum CFL number : 1.90435

Time : 0.621 [s], Step : 621/1200
Maximum CFL number : 1.91825

Time : 0.622 [s], Step : 622/1200
Maximum CFL number : 1.93213

Time : 0.623 [s], Step : 623/1200
Maximum CFL number : 1.94595

Time : 0.624 [s], Step : 624/1200
Maximum CFL number : 1.9597

Time : 0.625 [s], Step : 625/1200
Maximum CFL number : 1.97336

Time : 0.626 [s], Step : 626/1200
Maximum CFL number : 1.9869

Time : 0.627 [s], Step : 627/1200
Maximum CFL number : 2.00031

Time : 0.628 [s], Step : 628/1200
Maximum CFL number : 2.01355

Time : 0.629 [s], Step : 629/1200
Maximum CFL number : 2.0266

Time : 0.63 [s], Step : 630/1200
Maximum CFL number : 2.03943

Time : 0.631 [s], Step : 631/1200
Maximum CFL number : 2.05202

Time : 0.632 [s], Step : 632/1200
Maximum CFL number : 2.06434

Time : 0.633 [s], Step : 633/1200
Maximum CFL number : 2.07638

Time : 0.634 [s], Step : 634/1200
Maximum CFL number : 2.08813

Time : 0.635 [s], Step : 635/1200
Maximum CFL number : 2.09956

Time : 0.636 [s], Step : 636/1200
Maximum CFL number : 2.11068

Time : 0.637 [s], Step : 637/1200
Maximum CFL number : 2.12148

Time : 0.638 [s], Step : 638/1200
Maximum CFL number : 2.13196

Time : 0.639 [s], Step : 639/1200
Maximum CFL number : 2.14214

Time : 0.64 [s], Step : 640/1200
Maximum CFL number : 2.15201

Time : 0.641 [s], Step : 641/1200
Maximum CFL number : 2.1616

Time : 0.642 [s], Step : 642/1200
Maximum CFL number : 2.17091

Time : 0.643 [s], Step : 643/1200
Maximum CFL number : 2.17997

Time : 0.644 [s], Step : 644/1200
Maximum CFL number : 2.18879

Time : 0.645 [s], Step : 645/1200
Maximum CFL number : 2.1974

Time : 0.646 [s], Step : 646/1200
Maximum CFL number : 2.2058

Time : 0.647 [s], Step : 647/1200
Maximum CFL number : 2.21402

Time : 0.648 [s], Step : 648/1200
Maximum CFL number : 2.22207

Time : 0.649 [s], Step : 649/1200
Maximum CFL number : 2.22995

Time : 0.65 [s], Step : 650/1200
Maximum CFL number : 2.23769

Time : 0.651 [s], Step : 651/1200
Maximum CFL number : 2.24529

Time : 0.652 [s], Step : 652/1200
Maximum CFL number : 2.25275

Time : 0.653 [s], Step : 653/1200
Maximum CFL number : 2.26008

Time : 0.654 [s], Step : 654/1200
Maximum CFL number : 2.26727

Time : 0.655 [s], Step : 655/1200
Maximum CFL number : 2.27433

Time : 0.656 [s], Step : 656/1200
Maximum CFL number : 2.28124

Time : 0.657 [s], Step : 657/1200
Maximum CFL number : 2.288

Time : 0.658 [s], Step : 658/1200
Maximum CFL number : 2.29461

Time : 0.659 [s], Step : 659/1200
Maximum CFL number : 2.30105

Time : 0.66 [s], Step : 660/1200
Maximum CFL number : 2.30732

Time : 0.661 [s], Step : 661/1200
Maximum CFL number : 2.31341

Time : 0.662 [s], Step : 662/1200
Maximum CFL number : 2.3193

Time : 0.663 [s], Step : 663/1200
Maximum CFL number : 2.32499

Time : 0.664 [s], Step : 664/1200
Maximum CFL number : 2.33046

Time : 0.665 [s], Step : 665/1200
Maximum CFL number : 2.33572

Time : 0.666 [s], Step : 666/1200
Maximum CFL number : 2.34075

Time : 0.667 [s], Step : 667/1200
Maximum CFL number : 2.34554

Time : 0.668 [s], Step : 668/1200
Maximum CFL number : 2.35009

Time : 0.669 [s], Step : 669/1200
Maximum CFL number : 2.35439

Time : 0.67 [s], Step : 670/1200
Maximum CFL number : 2.35844

Time : 0.671 [s], Step : 671/1200
Maximum CFL number : 2.36224

Time : 0.672 [s], Step : 672/1200
Maximum CFL number : 2.36578

Time : 0.673 [s], Step : 673/1200
Maximum CFL number : 2.36907

Time : 0.674 [s], Step : 674/1200
Maximum CFL number : 2.37211

Time : 0.675 [s], Step : 675/1200
Maximum CFL number : 2.37489

Time : 0.676 [s], Step : 676/1200
Maximum CFL number : 2.37743

Time : 0.677 [s], Step : 677/1200
Maximum CFL number : 2.37974

Time : 0.678 [s], Step : 678/1200
Maximum CFL number : 2.38182

Time : 0.679 [s], Step : 679/1200
Maximum CFL number : 2.38369

Time : 0.68 [s], Step : 680/1200
Maximum CFL number : 2.38535

Time : 0.681 [s], Step : 681/1200
Maximum CFL number : 2.38682

Time : 0.682 [s], Step : 682/1200
Maximum CFL number : 2.38811

Time : 0.683 [s], Step : 683/1200
Maximum CFL number : 2.38924

Time : 0.684 [s], Step : 684/1200
Maximum CFL number : 2.39022

Time : 0.685 [s], Step : 685/1200
Maximum CFL number : 2.39106

Time : 0.686 [s], Step : 686/1200
Maximum CFL number : 2.39175

Time : 0.687 [s], Step : 687/1200
Maximum CFL number : 2.39232

Time : 0.688 [s], Step : 688/1200
Maximum CFL number : 2.39275

Time : 0.689 [s], Step : 689/1200
Maximum CFL number : 2.39304

Time : 0.69 [s], Step : 690/1200
Maximum CFL number : 2.39319

Time : 0.691 [s], Step : 691/1200
Maximum CFL number : 2.39317

Time : 0.692 [s], Step : 692/1200
Maximum CFL number : 2.39297

Time : 0.693 [s], Step : 693/1200
Maximum CFL number : 2.39257

Time : 0.694 [s], Step : 694/1200
Maximum CFL number : 2.39193

Time : 0.695 [s], Step : 695/1200
Maximum CFL number : 2.39104

Time : 0.696 [s], Step : 696/1200
Maximum CFL number : 2.38986

Time : 0.697 [s], Step : 697/1200
Maximum CFL number : 2.38836

Time : 0.698 [s], Step : 698/1200
Maximum CFL number : 2.38651

Time : 0.699 [s], Step : 699/1200
Maximum CFL number : 2.38427

Time : 0.7 [s], Step : 700/1200
Maximum CFL number : 2.38164

Time : 0.701 [s], Step : 701/1200
Maximum CFL number : 2.37858

Time : 0.702 [s], Step : 702/1200
Maximum CFL number : 2.37508

Time : 0.703 [s], Step : 703/1200
Maximum CFL number : 2.37112

Time : 0.704 [s], Step : 704/1200
Maximum CFL number : 2.3667

Time : 0.705 [s], Step : 705/1200
Maximum CFL number : 2.36181

Time : 0.706 [s], Step : 706/1200
Maximum CFL number : 2.35646

Time : 0.707 [s], Step : 707/1200
Maximum CFL number : 2.35065

Time : 0.708 [s], Step : 708/1200
Maximum CFL number : 2.3444

Time : 0.709 [s], Step : 709/1200
Maximum CFL number : 2.33771

Time : 0.71 [s], Step : 710/1200
Maximum CFL number : 2.33059

Time : 0.711 [s], Step : 711/1200
Maximum CFL number : 2.32307

Time : 0.712 [s], Step : 712/1200
Maximum CFL number : 2.31515

Time : 0.713 [s], Step : 713/1200
Maximum CFL number : 2.30687

Time : 0.714 [s], Step : 714/1200
Maximum CFL number : 2.29823

Time : 0.715 [s], Step : 715/1200
Maximum CFL number : 2.28925

Time : 0.716 [s], Step : 716/1200
Maximum CFL number : 2.27994

Time : 0.717 [s], Step : 717/1200
Maximum CFL number : 2.27033

Time : 0.718 [s], Step : 718/1200
Maximum CFL number : 2.26043

Time : 0.719 [s], Step : 719/1200
Maximum CFL number : 2.25025

Time : 0.72 [s], Step : 720/1200
Maximum CFL number : 2.23981

Time : 0.721 [s], Step : 721/1200
Maximum CFL number : 2.22913

Time : 0.722 [s], Step : 722/1200
Maximum CFL number : 2.2182

Time : 0.723 [s], Step : 723/1200
Maximum CFL number : 2.20706

Time : 0.724 [s], Step : 724/1200
Maximum CFL number : 2.1957

Time : 0.725 [s], Step : 725/1200
Maximum CFL number : 2.18414

Time : 0.726 [s], Step : 726/1200
Maximum CFL number : 2.17239

Time : 0.727 [s], Step : 727/1200
Maximum CFL number : 2.16046

Time : 0.728 [s], Step : 728/1200
Maximum CFL number : 2.14836

Time : 0.729 [s], Step : 729/1200
Maximum CFL number : 2.1361

Time : 0.73 [s], Step : 730/1200
Maximum CFL number : 2.12369

Time : 0.731 [s], Step : 731/1200
Maximum CFL number : 2.11113

Time : 0.732 [s], Step : 732/1200
Maximum CFL number : 2.09844

Time : 0.733 [s], Step : 733/1200
Maximum CFL number : 2.08563

Time : 0.734 [s], Step : 734/1200
Maximum CFL number : 2.07269

Time : 0.735 [s], Step : 735/1200
Maximum CFL number : 2.05965

Time : 0.736 [s], Step : 736/1200
Maximum CFL number : 2.04649

Time : 0.737 [s], Step : 737/1200
Maximum CFL number : 2.03324

Time : 0.738 [s], Step : 738/1200
Maximum CFL number : 2.0199

Time : 0.739 [s], Step : 739/1200
Maximum CFL number : 2.00648

Time : 0.74 [s], Step : 740/1200
Maximum CFL number : 1.99297

Time : 0.741 [s], Step : 741/1200
Maximum CFL number : 1.9794

Time : 0.742 [s], Step : 742/1200
Maximum CFL number : 1.96576

Time : 0.743 [s], Step : 743/1200
Maximum CFL number : 1.95205

Time : 0.744 [s], Step : 744/1200
Maximum CFL number : 1.9383

Time : 0.745 [s], Step : 745/1200
Maximum CFL number : 1.92449

Time : 0.746 [s], Step : 746/1200
Maximum CFL number : 1.91064

Time : 0.747 [s], Step : 747/1200
Maximum CFL number : 1.89675

Time : 0.748 [s], Step : 748/1200
Maximum CFL number : 1.88283

Time : 0.749 [s], Step : 749/1200
Maximum CFL number : 1.86888

Time : 0.75 [s], Step : 750/1200
Maximum CFL number : 1.8549

Time : 0.751 [s], Step : 751/1200
Maximum CFL number : 1.84091

Time : 0.752 [s], Step : 752/1200
Maximum CFL number : 1.8269

Time : 0.753 [s], Step : 753/1200
Maximum CFL number : 1.81289

Time : 0.754 [s], Step : 754/1200
Maximum CFL number : 1.79887

Time : 0.755 [s], Step : 755/1200
Maximum CFL number : 1.78486

Time : 0.756 [s], Step : 756/1200
Maximum CFL number : 1.77085

Time : 0.757 [s], Step : 757/1200
Maximum CFL number : 1.75685

Time : 0.758 [s], Step : 758/1200
Maximum CFL number : 1.74287

Time : 0.759 [s], Step : 759/1200
Maximum CFL number : 1.72891

Time : 0.76 [s], Step : 760/1200
Maximum CFL number : 1.71497

Time : 0.761 [s], Step : 761/1200
Maximum CFL number : 1.70107

Time : 0.762 [s], Step : 762/1200
Maximum CFL number : 1.6872

Time : 0.763 [s], Step : 763/1200
Maximum CFL number : 1.67337

Time : 0.764 [s], Step : 764/1200
Maximum CFL number : 1.65959

Time : 0.765 [s], Step : 765/1200
Maximum CFL number : 1.64586

Time : 0.766 [s], Step : 766/1200
Maximum CFL number : 1.63219

Time : 0.767 [s], Step : 767/1200
Maximum CFL number : 1.61858

Time : 0.768 [s], Step : 768/1200
Maximum CFL number : 1.60503

Time : 0.769 [s], Step : 769/1200
Maximum CFL number : 1.59155

Time : 0.77 [s], Step : 770/1200
Maximum CFL number : 1.57815

Time : 0.771 [s], Step : 771/1200
Maximum CFL number : 1.56484

Time : 0.772 [s], Step : 772/1200
Maximum CFL number : 1.5516

Time : 0.773 [s], Step : 773/1200
Maximum CFL number : 1.53846

Time : 0.774 [s], Step : 774/1200
Maximum CFL number : 1.52542

Time : 0.775 [s], Step : 775/1200
Maximum CFL number : 1.51247

Time : 0.776 [s], Step : 776/1200
Maximum CFL number : 1.49963

Time : 0.777 [s], Step : 777/1200
Maximum CFL number : 1.48691

Time : 0.778 [s], Step : 778/1200
Maximum CFL number : 1.4743

Time : 0.779 [s], Step : 779/1200
Maximum CFL number : 1.46181

Time : 0.78 [s], Step : 780/1200
Maximum CFL number : 1.44945

Time : 0.781 [s], Step : 781/1200
Maximum CFL number : 1.43722

Time : 0.782 [s], Step : 782/1200
Maximum CFL number : 1.42512

Time : 0.783 [s], Step : 783/1200
Maximum CFL number : 1.41317

Time : 0.784 [s], Step : 784/1200
Maximum CFL number : 1.40136

Time : 0.785 [s], Step : 785/1200
Maximum CFL number : 1.38971

Time : 0.786 [s], Step : 786/1200
Maximum CFL number : 1.37821

Time : 0.787 [s], Step : 787/1200
Maximum CFL number : 1.36687

Time : 0.788 [s], Step : 788/1200
Maximum CFL number : 1.35569

Time : 0.789 [s], Step : 789/1200
Maximum CFL number : 1.34469

Time : 0.79 [s], Step : 790/1200
Maximum CFL number : 1.33386

Time : 0.791 [s], Step : 791/1200
Maximum CFL number : 1.32321

Time : 0.792 [s], Step : 792/1200
Maximum CFL number : 1.31274

Time : 0.793 [s], Step : 793/1200
Maximum CFL number : 1.30246

Time : 0.794 [s], Step : 794/1200
Maximum CFL number : 1.29237

Time : 0.795 [s], Step : 795/1200
Maximum CFL number : 1.28248

Time : 0.796 [s], Step : 796/1200
Maximum CFL number : 1.27279

Time : 0.797 [s], Step : 797/1200
Maximum CFL number : 1.2633

Time : 0.798 [s], Step : 798/1200
Maximum CFL number : 1.25402

Time : 0.799 [s], Step : 799/1200
Maximum CFL number : 1.24496

Time : 0.8 [s], Step : 800/1200
Maximum CFL number : 1.23611

Time : 0.801 [s], Step : 801/1200
Maximum CFL number : 1.22748

Time : 0.802 [s], Step : 802/1200
Maximum CFL number : 1.21907

Time : 0.803 [s], Step : 803/1200
Maximum CFL number : 1.2109

Time : 0.804 [s], Step : 804/1200
Maximum CFL number : 1.20295

Time : 0.805 [s], Step : 805/1200
Maximum CFL number : 1.19524

Time : 0.806 [s], Step : 806/1200
Maximum CFL number : 1.18777

Time : 0.807 [s], Step : 807/1200
Maximum CFL number : 1.18054

Time : 0.808 [s], Step : 808/1200
Maximum CFL number : 1.17355

Time : 0.809 [s], Step : 809/1200
Maximum CFL number : 1.16681

Time : 0.81 [s], Step : 810/1200
Maximum CFL number : 1.16032

Time : 0.811 [s], Step : 811/1200
Maximum CFL number : 1.15408

Time : 0.812 [s], Step : 812/1200
Maximum CFL number : 1.1481

Time : 0.813 [s], Step : 813/1200
Maximum CFL number : 1.14237

Time : 0.814 [s], Step : 814/1200
Maximum CFL number : 1.13691

Time : 0.815 [s], Step : 815/1200
Maximum CFL number : 1.13171

Time : 0.816 [s], Step : 816/1200
Maximum CFL number : 1.12678

Time : 0.817 [s], Step : 817/1200
Maximum CFL number : 1.12211

Time : 0.818 [s], Step : 818/1200
Maximum CFL number : 1.11771

Time : 0.819 [s], Step : 819/1200
Maximum CFL number : 1.11359

Time : 0.82 [s], Step : 820/1200
Maximum CFL number : 1.10973

Time : 0.821 [s], Step : 821/1200
Maximum CFL number : 1.10616

Time : 0.822 [s], Step : 822/1200
Maximum CFL number : 1.10285

Time : 0.823 [s], Step : 823/1200
Maximum CFL number : 1.09983

Time : 0.824 [s], Step : 824/1200
Maximum CFL number : 1.09709

Time : 0.825 [s], Step : 825/1200
Maximum CFL number : 1.09462

Time : 0.826 [s], Step : 826/1200
Maximum CFL number : 1.09244

Time : 0.827 [s], Step : 827/1200
Maximum CFL number : 1.09054

Time : 0.828 [s], Step : 828/1200
Maximum CFL number : 1.08892

Time : 0.829 [s], Step : 829/1200
Maximum CFL number : 1.08759

Time : 0.83 [s], Step : 830/1200
Maximum CFL number : 1.08654

Time : 0.831 [s], Step : 831/1200
Maximum CFL number : 1.08578

Time : 0.832 [s], Step : 832/1200
Maximum CFL number : 1.0853

Time : 0.833 [s], Step : 833/1200
Maximum CFL number : 1.08511

Time : 0.834 [s], Step : 834/1200
Maximum CFL number : 1.0852

Time : 0.835 [s], Step : 835/1200
Maximum CFL number : 1.08558

Time : 0.836 [s], Step : 836/1200
Maximum CFL number : 1.08625

Time : 0.837 [s], Step : 837/1200
Maximum CFL number : 1.08719

Time : 0.838 [s], Step : 838/1200
Maximum CFL number : 1.08843

Time : 0.839 [s], Step : 839/1200
Maximum CFL number : 1.08995

Time : 0.84 [s], Step : 840/1200
Maximum CFL number : 1.09175

Time : 0.841 [s], Step : 841/1200
Maximum CFL number : 1.09383

Time : 0.842 [s], Step : 842/1200
Maximum CFL number : 1.0962

Time : 0.843 [s], Step : 843/1200
Maximum CFL number : 1.09885

Time : 0.844 [s], Step : 844/1200
Maximum CFL number : 1.10178

Time : 0.845 [s], Step : 845/1200
Maximum CFL number : 1.10498

Time : 0.846 [s], Step : 846/1200
Maximum CFL number : 1.10846

Time : 0.847 [s], Step : 847/1200
Maximum CFL number : 1.11222

Time : 0.848 [s], Step : 848/1200
Maximum CFL number : 1.11626

Time : 0.849 [s], Step : 849/1200
Maximum CFL number : 1.12056

Time : 0.85 [s], Step : 850/1200
Maximum CFL number : 1.12514

Time : 0.851 [s], Step : 851/1200
Maximum CFL number : 1.12998

Time : 0.852 [s], Step : 852/1200
Maximum CFL number : 1.13509

Time : 0.853 [s], Step : 853/1200
Maximum CFL number : 1.14047

Time : 0.854 [s], Step : 854/1200
Maximum CFL number : 1.1461

Time : 0.855 [s], Step : 855/1200
Maximum CFL number : 1.152

Time : 0.856 [s], Step : 856/1200
Maximum CFL number : 1.15815

Time : 0.857 [s], Step : 857/1200
Maximum CFL number : 1.16456

Time : 0.858 [s], Step : 858/1200
Maximum CFL number : 1.17122

Time : 0.859 [s], Step : 859/1200
Maximum CFL number : 1.17813

Time : 0.86 [s], Step : 860/1200
Maximum CFL number : 1.18529

Time : 0.861 [s], Step : 861/1200
Maximum CFL number : 1.19269

Time : 0.862 [s], Step : 862/1200
Maximum CFL number : 1.20033

Time : 0.863 [s], Step : 863/1200
Maximum CFL number : 1.2082

Time : 0.864 [s], Step : 864/1200
Maximum CFL number : 1.21631

Time : 0.865 [s], Step : 865/1200
Maximum CFL number : 1.22465

Time : 0.866 [s], Step : 866/1200
Maximum CFL number : 1.23322

Time : 0.867 [s], Step : 867/1200
Maximum CFL number : 1.24201

Time : 0.868 [s], Step : 868/1200
Maximum CFL number : 1.25102

Time : 0.869 [s], Step : 869/1200
Maximum CFL number : 1.26025

Time : 0.87 [s], Step : 870/1200
Maximum CFL number : 1.26968

Time : 0.871 [s], Step : 871/1200
Maximum CFL number : 1.27933

Time : 0.872 [s], Step : 872/1200
Maximum CFL number : 1.28918

Time : 0.873 [s], Step : 873/1200
Maximum CFL number : 1.29922

Time : 0.874 [s], Step : 874/1200
Maximum CFL number : 1.30947

Time : 0.875 [s], Step : 875/1200
Maximum CFL number : 1.3199

Time : 0.876 [s], Step : 876/1200
Maximum CFL number : 1.33052

Time : 0.877 [s], Step : 877/1200
Maximum CFL number : 1.34133

Time : 0.878 [s], Step : 878/1200
Maximum CFL number : 1.35231

Time : 0.879 [s], Step : 879/1200
Maximum CFL number : 1.36347

Time : 0.88 [s], Step : 880/1200
Maximum CFL number : 1.37479

Time : 0.881 [s], Step : 881/1200
Maximum CFL number : 1.38628

Time : 0.882 [s], Step : 882/1200
Maximum CFL number : 1.39792

Time : 0.883 [s], Step : 883/1200
Maximum CFL number : 1.40972

Time : 0.884 [s], Step : 884/1200
Maximum CFL number : 1.42167

Time : 0.885 [s], Step : 885/1200
Maximum CFL number : 1.43375

Time : 0.886 [s], Step : 886/1200
Maximum CFL number : 1.44598

Time : 0.887 [s], Step : 887/1200
Maximum CFL number : 1.45834

Time : 0.888 [s], Step : 888/1200
Maximum CFL number : 1.47082

Time : 0.889 [s], Step : 889/1200
Maximum CFL number : 1.48342

Time : 0.89 [s], Step : 890/1200
Maximum CFL number : 1.49614

Time : 0.891 [s], Step : 891/1200
Maximum CFL number : 1.50897

Time : 0.892 [s], Step : 892/1200
Maximum CFL number : 1.5219

Time : 0.893 [s], Step : 893/1200
Maximum CFL number : 1.53492

Time : 0.894 [s], Step : 894/1200
Maximum CFL number : 1.54803

Time : 0.895 [s], Step : 895/1200
Maximum CFL number : 1.56123

Time : 0.896 [s], Step : 896/1200
Maximum CFL number : 1.5745

Time : 0.897 [s], Step : 897/1200
Maximum CFL number : 1.58784

Time : 0.898 [s], Step : 898/1200
Maximum CFL number : 1.60125

Time : 0.899 [s], Step : 899/1200
Maximum CFL number : 1.61471

Time : 0.9 [s], Step : 900/1200
Maximum CFL number : 1.62823

Time : 0.901 [s], Step : 901/1200
Maximum CFL number : 1.64179

Time : 0.902 [s], Step : 902/1200
Maximum CFL number : 1.6554

Time : 0.903 [s], Step : 903/1200
Maximum CFL number : 1.66905

Time : 0.904 [s], Step : 904/1200
Maximum CFL number : 1.68272

Time : 0.905 [s], Step : 905/1200
Maximum CFL number : 1.69643

Time : 0.906 [s], Step : 906/1200
Maximum CFL number : 1.71016

Time : 0.907 [s], Step : 907/1200
Maximum CFL number : 1.72391

Time : 0.908 [s], Step : 908/1200
Maximum CFL number : 1.73769

Time : 0.909 [s], Step : 909/1200
Maximum CFL number : 1.75155

Time : 0.91 [s], Step : 910/1200
Maximum CFL number : 1.76544

Time : 0.911 [s], Step : 911/1200
Maximum CFL number : 1.77932

Time : 0.912 [s], Step : 912/1200
Maximum CFL number : 1.79319

Time : 0.913 [s], Step : 913/1200
Maximum CFL number : 1.80706

Time : 0.914 [s], Step : 914/1200
Maximum CFL number : 1.82093

Time : 0.915 [s], Step : 915/1200
Maximum CFL number : 1.83478

Time : 0.916 [s], Step : 916/1200
Maximum CFL number : 1.84862

Time : 0.917 [s], Step : 917/1200
Maximum CFL number : 1.86251

Time : 0.918 [s], Step : 918/1200
Maximum CFL number : 1.87645

Time : 0.919 [s], Step : 919/1200
Maximum CFL number : 1.89038

Time : 0.92 [s], Step : 920/1200
Maximum CFL number : 1.90431

Time : 0.921 [s], Step : 921/1200
Maximum CFL number : 1.91822

Time : 0.922 [s], Step : 922/1200
Maximum CFL number : 1.93209

Time : 0.923 [s], Step : 923/1200
Maximum CFL number : 1.94591

Time : 0.924 [s], Step : 924/1200
Maximum CFL number : 1.95967

Time : 0.925 [s], Step : 925/1200
Maximum CFL number : 1.97333

Time : 0.926 [s], Step : 926/1200
Maximum CFL number : 1.98688

Time : 0.927 [s], Step : 927/1200
Maximum CFL number : 2.00029

Time : 0.928 [s], Step : 928/1200
Maximum CFL number : 2.01353

Time : 0.929 [s], Step : 929/1200
Maximum CFL number : 2.02658

Time : 0.93 [s], Step : 930/1200
Maximum CFL number : 2.03942

Time : 0.931 [s], Step : 931/1200
Maximum CFL number : 2.05201

Time : 0.932 [s], Step : 932/1200
Maximum CFL number : 2.06434

Time : 0.933 [s], Step : 933/1200
Maximum CFL number : 2.07639

Time : 0.934 [s], Step : 934/1200
Maximum CFL number : 2.08814

Time : 0.935 [s], Step : 935/1200
Maximum CFL number : 2.09958

Time : 0.936 [s], Step : 936/1200
Maximum CFL number : 2.1107

Time : 0.937 [s], Step : 937/1200
Maximum CFL number : 2.12151

Time : 0.938 [s], Step : 938/1200
Maximum CFL number : 2.13199

Time : 0.939 [s], Step : 939/1200
Maximum CFL number : 2.14217

Time : 0.94 [s], Step : 940/1200
Maximum CFL number : 2.15204

Time : 0.941 [s], Step : 941/1200
Maximum CFL number : 2.16163

Time : 0.942 [s], Step : 942/1200
Maximum CFL number : 2.17095

Time : 0.943 [s], Step : 943/1200
Maximum CFL number : 2.18001

Time : 0.944 [s], Step : 944/1200
Maximum CFL number : 2.18883

Time : 0.945 [s], Step : 945/1200
Maximum CFL number : 2.19744

Time : 0.946 [s], Step : 946/1200
Maximum CFL number : 2.20584

Time : 0.947 [s], Step : 947/1200
Maximum CFL number : 2.21406

Time : 0.948 [s], Step : 948/1200
Maximum CFL number : 2.22211

Time : 0.949 [s], Step : 949/1200
Maximum CFL number : 2.22999

Time : 0.95 [s], Step : 950/1200
Maximum CFL number : 2.23773

Time : 0.951 [s], Step : 951/1200
Maximum CFL number : 2.24533

Time : 0.952 [s], Step : 952/1200
Maximum CFL number : 2.25279

Time : 0.953 [s], Step : 953/1200
Maximum CFL number : 2.26011

Time : 0.954 [s], Step : 954/1200
Maximum CFL number : 2.2673

Time : 0.955 [s], Step : 955/1200
Maximum CFL number : 2.27435

Time : 0.956 [s], Step : 956/1200
Maximum CFL number : 2.28126

Time : 0.957 [s], Step : 957/1200
Maximum CFL number : 2.28802

Time : 0.958 [s], Step : 958/1200
Maximum CFL number : 2.29463

Time : 0.959 [s], Step : 959/1200
Maximum CFL number : 2.30107

Time : 0.96 [s], Step : 960/1200
Maximum CFL number : 2.30734

Time : 0.961 [s], Step : 961/1200
Maximum CFL number : 2.31342

Time : 0.962 [s], Step : 962/1200
Maximum CFL number : 2.31931

Time : 0.963 [s], Step : 963/1200
Maximum CFL number : 2.325

Time : 0.964 [s], Step : 964/1200
Maximum CFL number : 2.33047

Time : 0.965 [s], Step : 965/1200
Maximum CFL number : 2.33573

Time : 0.966 [s], Step : 966/1200
Maximum CFL number : 2.34076

Time : 0.967 [s], Step : 967/1200
Maximum CFL number : 2.34555

Time : 0.968 [s], Step : 968/1200
Maximum CFL number : 2.3501

Time : 0.969 [s], Step : 969/1200
Maximum CFL number : 2.3544

Time : 0.97 [s], Step : 970/1200
Maximum CFL number : 2.35845

Time : 0.971 [s], Step : 971/1200
Maximum CFL number : 2.36224

Time : 0.972 [s], Step : 972/1200
Maximum CFL number : 2.36578

Time : 0.973 [s], Step : 973/1200
Maximum CFL number : 2.36907

Time : 0.974 [s], Step : 974/1200
Maximum CFL number : 2.3721

Time : 0.975 [s], Step : 975/1200
Maximum CFL number : 2.37489

Time : 0.976 [s], Step : 976/1200
Maximum CFL number : 2.37743

Time : 0.977 [s], Step : 977/1200
Maximum CFL number : 2.37973

Time : 0.978 [s], Step : 978/1200
Maximum CFL number : 2.38181

Time : 0.979 [s], Step : 979/1200
Maximum CFL number : 2.38368

Time : 0.98 [s], Step : 980/1200
Maximum CFL number : 2.38534

Time : 0.981 [s], Step : 981/1200
Maximum CFL number : 2.38681

Time : 0.982 [s], Step : 982/1200
Maximum CFL number : 2.3881

Time : 0.983 [s], Step : 983/1200
Maximum CFL number : 2.38923

Time : 0.984 [s], Step : 984/1200
Maximum CFL number : 2.39021

Time : 0.985 [s], Step : 985/1200
Maximum CFL number : 2.39104

Time : 0.986 [s], Step : 986/1200
Maximum CFL number : 2.39174

Time : 0.987 [s], Step : 987/1200
Maximum CFL number : 2.3923

Time : 0.988 [s], Step : 988/1200
Maximum CFL number : 2.39273

Time : 0.989 [s], Step : 989/1200
Maximum CFL number : 2.39302

Time : 0.99 [s], Step : 990/1200
Maximum CFL number : 2.39316

Time : 0.991 [s], Step : 991/1200
Maximum CFL number : 2.39314

Time : 0.992 [s], Step : 992/1200
Maximum CFL number : 2.39295

Time : 0.993 [s], Step : 993/1200
Maximum CFL number : 2.39254

Time : 0.994 [s], Step : 994/1200
Maximum CFL number : 2.39191

Time : 0.995 [s], Step : 995/1200
Maximum CFL number : 2.39102

Time : 0.996 [s], Step : 996/1200
Maximum CFL number : 2.38983

Time : 0.997 [s], Step : 997/1200
Maximum CFL number : 2.38833

Time : 0.998 [s], Step : 998/1200
Maximum CFL number : 2.38648

Time : 0.999 [s], Step : 999/1200
Maximum CFL number : 2.38425

Time : 1 [s], Step : 1000/1200
Maximum CFL number : 2.38161

Time : 1.001 [s], Step : 1001/1200
Maximum CFL number : 2.37855

Time : 1.002 [s], Step : 1002/1200
Maximum CFL number : 2.37505

Time : 1.003 [s], Step : 1003/1200
Maximum CFL number : 2.37109

Time : 1.004 [s], Step : 1004/1200
Maximum CFL number : 2.36667

Time : 1.005 [s], Step : 1005/1200
Maximum CFL number : 2.36179

Time : 1.006 [s], Step : 1006/1200
Maximum CFL number : 2.35644

Time : 1.007 [s], Step : 1007/1200
Maximum CFL number : 2.35063

Time : 1.008 [s], Step : 1008/1200
Maximum CFL number : 2.34438

Time : 1.009 [s], Step : 1009/1200
Maximum CFL number : 2.33769

Time : 1.01 [s], Step : 1010/1200
Maximum CFL number : 2.33057

Time : 1.011 [s], Step : 1011/1200
Maximum CFL number : 2.32305

Time : 1.012 [s], Step : 1012/1200
Maximum CFL number : 2.31514

Time : 1.013 [s], Step : 1013/1200
Maximum CFL number : 2.30686

Time : 1.014 [s], Step : 1014/1200
Maximum CFL number : 2.29821

Time : 1.015 [s], Step : 1015/1200
Maximum CFL number : 2.28923

Time : 1.016 [s], Step : 1016/1200
Maximum CFL number : 2.27993

Time : 1.017 [s], Step : 1017/1200
Maximum CFL number : 2.27032

Time : 1.018 [s], Step : 1018/1200
Maximum CFL number : 2.26042

Time : 1.019 [s], Step : 1019/1200
Maximum CFL number : 2.25025

Time : 1.02 [s], Step : 1020/1200
Maximum CFL number : 2.23981

Time : 1.021 [s], Step : 1021/1200
Maximum CFL number : 2.22912

Time : 1.022 [s], Step : 1022/1200
Maximum CFL number : 2.2182

Time : 1.023 [s], Step : 1023/1200
Maximum CFL number : 2.20705

Time : 1.024 [s], Step : 1024/1200
Maximum CFL number : 2.1957

Time : 1.025 [s], Step : 1025/1200
Maximum CFL number : 2.18414

Time : 1.026 [s], Step : 1026/1200
Maximum CFL number : 2.17239

Time : 1.027 [s], Step : 1027/1200
Maximum CFL number : 2.16046

Time : 1.028 [s], Step : 1028/1200
Maximum CFL number : 2.14836

Time : 1.029 [s], Step : 1029/1200
Maximum CFL number : 2.1361

Time : 1.03 [s], Step : 1030/1200
Maximum CFL number : 2.12369

Time : 1.031 [s], Step : 1031/1200
Maximum CFL number : 2.11114

Time : 1.032 [s], Step : 1032/1200
Maximum CFL number : 2.09845

Time : 1.033 [s], Step : 1033/1200
Maximum CFL number : 2.08563

Time : 1.034 [s], Step : 1034/1200
Maximum CFL number : 2.0727

Time : 1.035 [s], Step : 1035/1200
Maximum CFL number : 2.05965

Time : 1.036 [s], Step : 1036/1200
Maximum CFL number : 2.0465

Time : 1.037 [s], Step : 1037/1200
Maximum CFL number : 2.03325

Time : 1.038 [s], Step : 1038/1200
Maximum CFL number : 2.01991

Time : 1.039 [s], Step : 1039/1200
Maximum CFL number : 2.00648

Time : 1.04 [s], Step : 1040/1200
Maximum CFL number : 1.99298

Time : 1.041 [s], Step : 1041/1200
Maximum CFL number : 1.97941

Time : 1.042 [s], Step : 1042/1200
Maximum CFL number : 1.96576

Time : 1.043 [s], Step : 1043/1200
Maximum CFL number : 1.95206

Time : 1.044 [s], Step : 1044/1200
Maximum CFL number : 1.9383

Time : 1.045 [s], Step : 1045/1200
Maximum CFL number : 1.9245

Time : 1.046 [s], Step : 1046/1200
Maximum CFL number : 1.91065

Time : 1.047 [s], Step : 1047/1200
Maximum CFL number : 1.89676

Time : 1.048 [s], Step : 1048/1200
Maximum CFL number : 1.88283

Time : 1.049 [s], Step : 1049/1200
Maximum CFL number : 1.86888

Time : 1.05 [s], Step : 1050/1200
Maximum CFL number : 1.85491

Time : 1.051 [s], Step : 1051/1200
Maximum CFL number : 1.84092

Time : 1.052 [s], Step : 1052/1200
Maximum CFL number : 1.82691

Time : 1.053 [s], Step : 1053/1200
Maximum CFL number : 1.8129

Time : 1.054 [s], Step : 1054/1200
Maximum CFL number : 1.79888

Time : 1.055 [s], Step : 1055/1200
Maximum CFL number : 1.78486

Time : 1.056 [s], Step : 1056/1200
Maximum CFL number : 1.77086

Time : 1.057 [s], Step : 1057/1200
Maximum CFL number : 1.75686

Time : 1.058 [s], Step : 1058/1200
Maximum CFL number : 1.74288

Time : 1.059 [s], Step : 1059/1200
Maximum CFL number : 1.72892

Time : 1.06 [s], Step : 1060/1200
Maximum CFL number : 1.71497

Time : 1.061 [s], Step : 1061/1200
Maximum CFL number : 1.70107

Time : 1.062 [s], Step : 1062/1200
Maximum CFL number : 1.6872

Time : 1.063 [s], Step : 1063/1200
Maximum CFL number : 1.67338

Time : 1.064 [s], Step : 1064/1200
Maximum CFL number : 1.6596

Time : 1.065 [s], Step : 1065/1200
Maximum CFL number : 1.64587

Time : 1.066 [s], Step : 1066/1200
Maximum CFL number : 1.63219

Time : 1.067 [s], Step : 1067/1200
Maximum CFL number : 1.61858

Time : 1.068 [s], Step : 1068/1200
Maximum CFL number : 1.60503

Time : 1.069 [s], Step : 1069/1200
Maximum CFL number : 1.59156

Time : 1.07 [s], Step : 1070/1200
Maximum CFL number : 1.57816

Time : 1.071 [s], Step : 1071/1200
Maximum CFL number : 1.56484

Time : 1.072 [s], Step : 1072/1200
Maximum CFL number : 1.55161

Time : 1.073 [s], Step : 1073/1200
Maximum CFL number : 1.53846

Time : 1.074 [s], Step : 1074/1200
Maximum CFL number : 1.52542

Time : 1.075 [s], Step : 1075/1200
Maximum CFL number : 1.51247

Time : 1.076 [s], Step : 1076/1200
Maximum CFL number : 1.49964

Time : 1.077 [s], Step : 1077/1200
Maximum CFL number : 1.48691

Time : 1.078 [s], Step : 1078/1200
Maximum CFL number : 1.4743

Time : 1.079 [s], Step : 1079/1200
Maximum CFL number : 1.46181

Time : 1.08 [s], Step : 1080/1200
Maximum CFL number : 1.44945

Time : 1.081 [s], Step : 1081/1200
Maximum CFL number : 1.43722

Time : 1.082 [s], Step : 1082/1200
Maximum CFL number : 1.42512

Time : 1.083 [s], Step : 1083/1200
Maximum CFL number : 1.41317

Time : 1.084 [s], Step : 1084/1200
Maximum CFL number : 1.40136

Time : 1.085 [s], Step : 1085/1200
Maximum CFL number : 1.38971

Time : 1.086 [s], Step : 1086/1200
Maximum CFL number : 1.37821

Time : 1.087 [s], Step : 1087/1200
Maximum CFL number : 1.36687

Time : 1.088 [s], Step : 1088/1200
Maximum CFL number : 1.35569

Time : 1.089 [s], Step : 1089/1200
Maximum CFL number : 1.34469

Time : 1.09 [s], Step : 1090/1200
Maximum CFL number : 1.33386

Time : 1.091 [s], Step : 1091/1200
Maximum CFL number : 1.32321

Time : 1.092 [s], Step : 1092/1200
Maximum CFL number : 1.31274

Time : 1.093 [s], Step : 1093/1200
Maximum CFL number : 1.30246

Time : 1.094 [s], Step : 1094/1200
Maximum CFL number : 1.29237

Time : 1.095 [s], Step : 1095/1200
Maximum CFL number : 1.28248

Time : 1.096 [s], Step : 1096/1200
Maximum CFL number : 1.27279

Time : 1.097 [s], Step : 1097/1200
Maximum CFL number : 1.2633

Time : 1.098 [s], Step : 1098/1200
Maximum CFL number : 1.25402

Time : 1.099 [s], Step : 1099/1200
Maximum CFL number : 1.24496

Time : 1.1 [s], Step : 1100/1200
Maximum CFL number : 1.23611

Time : 1.101 [s], Step : 1101/1200
Maximum CFL number : 1.22748

Time : 1.102 [s], Step : 1102/1200
Maximum CFL number : 1.21908

Time : 1.103 [s], Step : 1103/1200
Maximum CFL number : 1.2109

Time : 1.104 [s], Step : 1104/1200
Maximum CFL number : 1.20295

Time : 1.105 [s], Step : 1105/1200
Maximum CFL number : 1.19524

Time : 1.106 [s], Step : 1106/1200
Maximum CFL number : 1.18777

Time : 1.107 [s], Step : 1107/1200
Maximum CFL number : 1.18054

Time : 1.108 [s], Step : 1108/1200
Maximum CFL number : 1.17355

Time : 1.109 [s], Step : 1109/1200
Maximum CFL number : 1.16681

Time : 1.11 [s], Step : 1110/1200
Maximum CFL number : 1.16032

Time : 1.111 [s], Step : 1111/1200
Maximum CFL number : 1.15408

Time : 1.112 [s], Step : 1112/1200
Maximum CFL number : 1.1481

Time : 1.113 [s], Step : 1113/1200
Maximum CFL number : 1.14237

Time : 1.114 [s], Step : 1114/1200
Maximum CFL number : 1.13691

Time : 1.115 [s], Step : 1115/1200
Maximum CFL number : 1.13171

Time : 1.116 [s], Step : 1116/1200
Maximum CFL number : 1.12678

Time : 1.117 [s], Step : 1117/1200
Maximum CFL number : 1.12211

Time : 1.118 [s], Step : 1118/1200
Maximum CFL number : 1.11771

Time : 1.119 [s], Step : 1119/1200
Maximum CFL number : 1.11359

Time : 1.12 [s], Step : 1120/1200
Maximum CFL number : 1.10973

Time : 1.121 [s], Step : 1121/1200
Maximum CFL number : 1.10616

Time : 1.122 [s], Step : 1122/1200
Maximum CFL number : 1.10285

Time : 1.123 [s], Step : 1123/1200
Maximum CFL number : 1.09983

Time : 1.124 [s], Step : 1124/1200
Maximum CFL number : 1.09709

Time : 1.125 [s], Step : 1125/1200
Maximum CFL number : 1.09462

Time : 1.126 [s], Step : 1126/1200
Maximum CFL number : 1.09244

Time : 1.127 [s], Step : 1127/1200
Maximum CFL number : 1.09054

Time : 1.128 [s], Step : 1128/1200
Maximum CFL number : 1.08892

Time : 1.129 [s], Step : 1129/1200
Maximum CFL number : 1.08759

Time : 1.13 [s], Step : 1130/1200
Maximum CFL number : 1.08654

Time : 1.131 [s], Step : 1131/1200
Maximum CFL number : 1.08578

Time : 1.132 [s], Step : 1132/1200
Maximum CFL number : 1.0853

Time : 1.133 [s], Step : 1133/1200
Maximum CFL number : 1.08511

Time : 1.134 [s], Step : 1134/1200
Maximum CFL number : 1.0852

Time : 1.135 [s], Step : 1135/1200
Maximum CFL number : 1.08558

Time : 1.136 [s], Step : 1136/1200
Maximum CFL number : 1.08625

Time : 1.137 [s], Step : 1137/1200
Maximum CFL number : 1.08719

Time : 1.138 [s], Step : 1138/1200
Maximum CFL number : 1.08843

Time : 1.139 [s], Step : 1139/1200
Maximum CFL number : 1.08995

Time : 1.14 [s], Step : 1140/1200
Maximum CFL number : 1.09175

Time : 1.141 [s], Step : 1141/1200
Maximum CFL number : 1.09383

Time : 1.142 [s], Step : 1142/1200
Maximum CFL number : 1.0962

Time : 1.143 [s], Step : 1143/1200
Maximum CFL number : 1.09885

Time : 1.144 [s], Step : 1144/1200
Maximum CFL number : 1.10178

Time : 1.145 [s], Step : 1145/1200
Maximum CFL number : 1.10498

Time : 1.146 [s], Step : 1146/1200
Maximum CFL number : 1.10846

Time : 1.147 [s], Step : 1147/1200
Maximum CFL number : 1.11222

Time : 1.148 [s], Step : 1148/1200
Maximum CFL number : 1.11626

Time : 1.149 [s], Step : 1149/1200
Maximum CFL number : 1.12056

Time : 1.15 [s], Step : 1150/1200
Maximum CFL number : 1.12514

Time : 1.151 [s], Step : 1151/1200
Maximum CFL number : 1.12998

Time : 1.152 [s], Step : 1152/1200
Maximum CFL number : 1.13509

Time : 1.153 [s], Step : 1153/1200
Maximum CFL number : 1.14047

Time : 1.154 [s], Step : 1154/1200
Maximum CFL number : 1.1461

Time : 1.155 [s], Step : 1155/1200
Maximum CFL number : 1.152

Time : 1.156 [s], Step : 1156/1200
Maximum CFL number : 1.15815

Time : 1.157 [s], Step : 1157/1200
Maximum CFL number : 1.16456

Time : 1.158 [s], Step : 1158/1200
Maximum CFL number : 1.17122

Time : 1.159 [s], Step : 1159/1200
Maximum CFL number : 1.17813

Time : 1.16 [s], Step : 1160/1200
Maximum CFL number : 1.18529

Time : 1.161 [s], Step : 1161/1200
Maximum CFL number : 1.19269

Time : 1.162 [s], Step : 1162/1200
Maximum CFL number : 1.20033

Time : 1.163 [s], Step : 1163/1200
Maximum CFL number : 1.2082

Time : 1.164 [s], Step : 1164/1200
Maximum CFL number : 1.21631

Time : 1.165 [s], Step : 1165/1200
Maximum CFL number : 1.22465

Time : 1.166 [s], Step : 1166/1200
Maximum CFL number : 1.23322

Time : 1.167 [s], Step : 1167/1200
Maximum CFL number : 1.24201

Time : 1.168 [s], Step : 1168/1200
Maximum CFL number : 1.25102

Time : 1.169 [s], Step : 1169/1200
Maximum CFL number : 1.26025

Time : 1.17 [s], Step : 1170/1200
Maximum CFL number : 1.26968

Time : 1.171 [s], Step : 1171/1200
Maximum CFL number : 1.27933

Time : 1.172 [s], Step : 1172/1200
Maximum CFL number : 1.28917

Time : 1.173 [s], Step : 1173/1200
Maximum CFL number : 1.29922

Time : 1.174 [s], Step : 1174/1200
Maximum CFL number : 1.30947

Time : 1.175 [s], Step : 1175/1200
Maximum CFL number : 1.3199

Time : 1.176 [s], Step : 1176/1200
Maximum CFL number : 1.33052

Time : 1.177 [s], Step : 1177/1200
Maximum CFL number : 1.34133

Time : 1.178 [s], Step : 1178/1200
Maximum CFL number : 1.35231

Time : 1.179 [s], Step : 1179/1200
Maximum CFL number : 1.36347

Time : 1.18 [s], Step : 1180/1200
Maximum CFL number : 1.37479

Time : 1.181 [s], Step : 1181/1200
Maximum CFL number : 1.38627

Time : 1.182 [s], Step : 1182/1200
Maximum CFL number : 1.39792

Time : 1.183 [s], Step : 1183/1200
Maximum CFL number : 1.40972

Time : 1.184 [s], Step : 1184/1200
Maximum CFL number : 1.42166

Time : 1.185 [s], Step : 1185/1200
Maximum CFL number : 1.43375

Time : 1.186 [s], Step : 1186/1200
Maximum CFL number : 1.44598

Time : 1.187 [s], Step : 1187/1200
Maximum CFL number : 1.45834

Time : 1.188 [s], Step : 1188/1200
Maximum CFL number : 1.47082

Time : 1.189 [s], Step : 1189/1200
Maximum CFL number : 1.48342

Time : 1.19 [s], Step : 1190/1200
Maximum CFL number : 1.49614

Time : 1.191 [s], Step : 1191/1200
Maximum CFL number : 1.50897

Time : 1.192 [s], Step : 1192/1200
Maximum CFL number : 1.52189

Time : 1.193 [s], Step : 1193/1200
Maximum CFL number : 1.53492

Time : 1.194 [s], Step : 1194/1200
Maximum CFL number : 1.54803

Time : 1.195 [s], Step : 1195/1200
Maximum CFL number : 1.56123

Time : 1.196 [s], Step : 1196/1200
Maximum CFL number : 1.5745

Time : 1.197 [s], Step : 1197/1200
Maximum CFL number : 1.58784

Time : 1.198 [s], Step : 1198/1200
Maximum CFL number : 1.60125

Time : 1.199 [s], Step : 1199/1200
Maximum CFL number : 1.61471

Time : 1.2 [s], Step : 1200/1200
Maximum CFL number : 1.62823
